
20190531095240开始执行2019-05-30数据加载日志:
SQL开始执行时间：20190531095240

drop table if exists pdm.oa_budget_19
;
SQL结束执行时间：20190531095240
SQL开始执行时间：20190531095240
create table pdm.oa_budget_19 as
select a.budgetinfoid
      ,a.name_ehr_id
      ,a.name_ehr
      ,a.cdepname_lv2 as second_dept
      ,a.cdepname_lv3 as third_dept
      ,a.cdepname_lv4 as fourth_dept
      ,a.cdepname_lv5 as fifth_dept
      ,a.cdepname_lv6 as sixth_dept
      ,a.person
      ,a.name
      ,a.u8kemubm
      ,a.cdlx
      ,cast(concat('2019-',a.budgetperiodslist,'-01') as date) as budgetperiodslist
      ,a.budgetaccount
      ,a.createdate
      ,a.approverid
      ,a.createrid
      ,a.budgetremark
      ,a.fnaincrement
      ,a.remark
  from edw.oa_budget_19 a
 where a.cdepname_lv1 is null
;
SQL结束执行时间：20190531095240

20190601001932开始执行2019-05-31数据加载日志:
SQL开始执行时间：20190601001932

drop table if exists pdm.oa_budget_19
;
SQL结束执行时间：20190601001932
SQL开始执行时间：20190601001932
create table pdm.oa_budget_19 as
select a.budgetinfoid
      ,a.name_ehr_id
      ,a.name_ehr
      ,a.cdepname_lv2 as second_dept
      ,a.cdepname_lv3 as third_dept
      ,a.cdepname_lv4 as fourth_dept
      ,a.cdepname_lv5 as fifth_dept
      ,a.cdepname_lv6 as sixth_dept
      ,a.person
      ,a.name
      ,a.u8kemubm
      ,a.cdlx
      ,cast(concat('2019-',a.budgetperiodslist,'-01') as date) as budgetperiodslist
      ,a.budgetaccount
      ,a.createdate
      ,a.approverid
      ,a.createrid
      ,a.budgetremark
      ,a.fnaincrement
      ,a.remark
  from edw.oa_budget_19 a
 where a.cdepname_lv1 is null
;
SQL结束执行时间：20190601001932

20190602001941开始执行2019-06-01数据加载日志:
SQL开始执行时间：20190602001941

drop table if exists pdm.oa_budget_19
;
SQL结束执行时间：20190602001941
SQL开始执行时间：20190602001941
create table pdm.oa_budget_19 as
select a.budgetinfoid
      ,a.name_ehr_id
      ,a.name_ehr
      ,a.cdepname_lv2 as second_dept
      ,a.cdepname_lv3 as third_dept
      ,a.cdepname_lv4 as fourth_dept
      ,a.cdepname_lv5 as fifth_dept
      ,a.cdepname_lv6 as sixth_dept
      ,a.person
      ,a.name
      ,a.u8kemubm
      ,a.cdlx
      ,cast(concat('2019-',a.budgetperiodslist,'-01') as date) as budgetperiodslist
      ,a.budgetaccount
      ,a.createdate
      ,a.approverid
      ,a.createrid
      ,a.budgetremark
      ,a.fnaincrement
      ,a.remark
  from edw.oa_budget_19 a
 where a.cdepname_lv1 is null
;
SQL结束执行时间：20190602001941

20190603001941开始执行2019-06-02数据加载日志:
SQL开始执行时间：20190603001941

drop table if exists pdm.oa_budget_19
;
SQL结束执行时间：20190603001941
SQL开始执行时间：20190603001941
create table pdm.oa_budget_19 as
select a.budgetinfoid
      ,a.name_ehr_id
      ,a.name_ehr
      ,a.cdepname_lv2 as second_dept
      ,a.cdepname_lv3 as third_dept
      ,a.cdepname_lv4 as fourth_dept
      ,a.cdepname_lv5 as fifth_dept
      ,a.cdepname_lv6 as sixth_dept
      ,a.person
      ,a.name
      ,a.u8kemubm
      ,a.cdlx
      ,cast(concat('2019-',a.budgetperiodslist,'-01') as date) as budgetperiodslist
      ,a.budgetaccount
      ,a.createdate
      ,a.approverid
      ,a.createrid
      ,a.budgetremark
      ,a.fnaincrement
      ,a.remark
  from edw.oa_budget_19 a
 where a.cdepname_lv1 is null
;
SQL结束执行时间：20190603001941

20190604083823开始执行2019-06-03数据加载日志:
SQL开始执行时间：20190604083823

drop table if exists pdm.oa_budget_19
;
SQL结束执行时间：20190604083823
SQL开始执行时间：20190604083823
create table pdm.oa_budget_19 as
select a.budgetinfoid
      ,a.name_ehr_id
      ,a.name_ehr
      ,a.cdepname_lv2 as second_dept
      ,a.cdepname_lv3 as third_dept
      ,a.cdepname_lv4 as fourth_dept
      ,a.cdepname_lv5 as fifth_dept
      ,a.cdepname_lv6 as sixth_dept
      ,a.person
      ,a.name
      ,a.u8kemubm
      ,a.cdlx
      ,cast(concat('2019-',a.budgetperiodslist,'-01') as date) as budgetperiodslist
      ,a.budgetaccount
      ,a.createdate
      ,a.approverid
      ,a.createrid
      ,a.budgetremark
      ,a.fnaincrement
      ,a.remark
  from edw.oa_budget_19 a
 where a.cdepname_lv1 is null
;
SQL结束执行时间：20190604083823

20190605001947开始执行2019-06-04数据加载日志:
SQL开始执行时间：20190605001947

drop table if exists pdm.oa_budget_19
;
SQL结束执行时间：20190605001947
SQL开始执行时间：20190605001947
create table pdm.oa_budget_19 as
select a.budgetinfoid
      ,a.name_ehr_id
      ,a.name_ehr
      ,a.cdepname_lv2 as second_dept
      ,a.cdepname_lv3 as third_dept
      ,a.cdepname_lv4 as fourth_dept
      ,a.cdepname_lv5 as fifth_dept
      ,a.cdepname_lv6 as sixth_dept
      ,a.person
      ,a.name
      ,a.u8kemubm
      ,a.cdlx
      ,cast(concat('2019-',a.budgetperiodslist,'-01') as date) as budgetperiodslist
      ,a.budgetaccount
      ,a.createdate
      ,a.approverid
      ,a.createrid
      ,a.budgetremark
      ,a.fnaincrement
      ,a.remark
  from edw.oa_budget_19 a
 where a.cdepname_lv1 is null
;
SQL结束执行时间：20190605001947

20190606002002开始执行2019-06-05数据加载日志:
SQL开始执行时间：20190606002002

drop table if exists pdm.oa_budget_19
;
SQL结束执行时间：20190606002002
SQL开始执行时间：20190606002002
create table pdm.oa_budget_19 as
select a.budgetinfoid
      ,a.name_ehr_id
      ,a.name_ehr
      ,a.second_dept
      ,a.third_dept
      ,a.fourth_dept
      ,a.fifth_dept
      ,a.sixth_dept
      ,a.person
      ,a.name
      ,a.u8kemubm
      ,a.cdlx
      ,cast(concat('2019-',a.budgetperiodslist,'-01') as date) as budgetperiodslist
      ,a.budgetaccount
      ,a.createdate
      ,a.approverid
      ,a.createrid
      ,a.budgetremark
      ,a.fnaincrement
      ,a.remark
  from edw.oa_budget_19 a
 where a.cdepname_lv1 is null
;
SQL结束执行时间：20190606002002

20190607001942开始执行2019-06-06数据加载日志:
SQL开始执行时间：20190607001942

drop table if exists pdm.oa_budget_19
;
SQL结束执行时间：20190607001942
SQL开始执行时间：20190607001942
create table pdm.oa_budget_19 as
select a.budgetinfoid
      ,a.name_ehr_id
      ,a.name_ehr
      ,a.second_dept
      ,a.third_dept
      ,a.fourth_dept
      ,a.fifth_dept
      ,a.sixth_dept
      ,a.person
      ,a.name
      ,a.u8kemubm
      ,a.cdlx
      ,cast(concat('2019-',a.budgetperiodslist,'-01') as date) as budgetperiodslist
      ,a.budgetaccount
      ,a.createdate
      ,a.approverid
      ,a.createrid
      ,a.budgetremark
      ,a.fnaincrement
      ,a.remark
  from edw.oa_budget_19 a
 where a.cdepname_lv1 is null
;
SQL结束执行时间：20190607001942

20190608001951开始执行2019-06-07数据加载日志:
SQL开始执行时间：20190608001951

drop table if exists pdm.oa_budget_19
;
SQL结束执行时间：20190608001951
SQL开始执行时间：20190608001951
create table pdm.oa_budget_19 as
select a.budgetinfoid
      ,a.name_ehr_id
      ,a.name_ehr
      ,a.second_dept
      ,a.third_dept
      ,a.fourth_dept
      ,a.fifth_dept
      ,a.sixth_dept
      ,a.person
      ,a.name
      ,a.u8kemubm
      ,a.cdlx
      ,cast(concat('2019-',a.budgetperiodslist,'-01') as date) as budgetperiodslist
      ,a.budgetaccount
      ,a.createdate
      ,a.approverid
      ,a.createrid
      ,a.budgetremark
      ,a.fnaincrement
      ,a.remark
  from edw.oa_budget_19 a
 where a.cdepname_lv1 is null
;
SQL结束执行时间：20190608001952

20190610085027开始执行2019-06-09数据加载日志:
SQL开始执行时间：20190610085027

drop table if exists pdm.oa_budget_19
;
SQL结束执行时间：20190610085027
SQL开始执行时间：20190610085027
create table pdm.oa_budget_19 as
select a.budgetinfoid
      ,a.name_ehr_id
      ,a.name_ehr
      ,a.second_dept
      ,a.third_dept
      ,a.fourth_dept
      ,a.fifth_dept
      ,a.sixth_dept
      ,a.person
      ,a.name
      ,a.u8kemubm
      ,a.cdlx
      ,cast(concat('2019-',a.budgetperiodslist,'-01') as date) as budgetperiodslist
      ,a.budgetaccount
      ,a.createdate
      ,a.approverid
      ,a.createrid
      ,a.budgetremark
      ,a.fnaincrement
      ,a.remark
  from edw.oa_budget_19 a
 where a.cdepname_lv1 is null
;
SQL结束执行时间：20190610085028

20190611002000开始执行2019-06-10数据加载日志:
SQL开始执行时间：20190611002000

drop table if exists pdm.oa_budget_19
;
SQL结束执行时间：20190611002000
SQL开始执行时间：20190611002000
create table pdm.oa_budget_19 as
select a.budgetinfoid
      ,a.name_ehr_id
      ,a.name_ehr
      ,a.second_dept
      ,a.third_dept
      ,a.fourth_dept
      ,a.fifth_dept
      ,a.sixth_dept
      ,a.person
      ,a.name
      ,a.u8kemubm
      ,a.cdlx
      ,cast(concat('2019-',a.budgetperiodslist,'-01') as date) as budgetperiodslist
      ,a.budgetaccount
      ,a.createdate
      ,a.approverid
      ,a.createrid
      ,a.budgetremark
      ,a.fnaincrement
      ,a.remark
  from edw.oa_budget_19 a
 where a.cdepname_lv1 is null
;
SQL结束执行时间：20190611002000

20190612002004开始执行2019-06-11数据加载日志:
SQL开始执行时间：20190612002004

drop table if exists pdm.oa_budget_19
;
SQL结束执行时间：20190612002004
SQL开始执行时间：20190612002004
create table pdm.oa_budget_19 as
select a.budgetinfoid
      ,a.name_ehr_id
      ,a.name_ehr
      ,a.second_dept
      ,a.third_dept
      ,a.fourth_dept
      ,a.fifth_dept
      ,a.sixth_dept
      ,a.person
      ,a.name
      ,a.u8kemubm
      ,a.cdlx
      ,cast(concat('2019-',a.budgetperiodslist,'-01') as date) as budgetperiodslist
      ,a.budgetaccount
      ,a.createdate
      ,a.approverid
      ,a.createrid
      ,a.budgetremark
      ,a.fnaincrement
      ,a.remark
  from edw.oa_budget_19 a
 where a.cdepname_lv1 is null
;
SQL结束执行时间：20190612002004

20190613002001开始执行2019-06-12数据加载日志:
SQL开始执行时间：20190613002001

drop table if exists pdm.oa_budget_19
;
SQL结束执行时间：20190613002001
SQL开始执行时间：20190613002001
create table pdm.oa_budget_19 as
select a.budgetinfoid
      ,a.name_ehr_id
      ,a.name_ehr
      ,a.second_dept
      ,a.third_dept
      ,a.fourth_dept
      ,a.fifth_dept
      ,a.sixth_dept
      ,a.person
      ,a.name
      ,a.u8kemubm
      ,a.cdlx
      ,cast(concat('2019-',a.budgetperiodslist,'-01') as date) as budgetperiodslist
      ,a.budgetaccount
      ,a.createdate
      ,a.approverid
      ,a.createrid
      ,a.budgetremark
      ,a.fnaincrement
      ,a.remark
  from edw.oa_budget_19 a
 where a.cdepname_lv1 is null
;
SQL结束执行时间：20190613002001

20190614002034开始执行2019-06-13数据加载日志:
SQL开始执行时间：20190614002034

drop table if exists pdm.oa_budget_19
;
SQL结束执行时间：20190614002034
SQL开始执行时间：20190614002034
create table pdm.oa_budget_19 as
select a.budgetinfoid
      ,a.name_ehr_id
      ,a.name_ehr
      ,a.second_dept
      ,a.third_dept
      ,a.fourth_dept
      ,a.fifth_dept
      ,a.sixth_dept
      ,a.person
      ,a.name
      ,a.u8kemubm
      ,a.cdlx
      ,cast(concat('2019-',a.budgetperiodslist,'-01') as date) as budgetperiodslist
      ,a.budgetaccount
      ,a.createdate
      ,a.approverid
      ,a.createrid
      ,a.budgetremark
      ,a.fnaincrement
      ,a.remark
  from edw.oa_budget_19 a
 where a.cdepname_lv1 is null
;
SQL结束执行时间：20190614002034

20190615002044开始执行2019-06-14数据加载日志:
SQL开始执行时间：20190615002044

drop table if exists pdm.oa_budget_19
;
SQL结束执行时间：20190615002044
SQL开始执行时间：20190615002044
create table pdm.oa_budget_19 as
select a.budgetinfoid
      ,a.name_ehr_id
      ,a.name_ehr
      ,a.second_dept
      ,a.third_dept
      ,a.fourth_dept
      ,a.fifth_dept
      ,a.sixth_dept
      ,a.person
      ,a.name
      ,a.u8kemubm
      ,a.cdlx
      ,cast(concat('2019-',a.budgetperiodslist,'-01') as date) as budgetperiodslist
      ,a.budgetaccount
      ,a.createdate
      ,a.approverid
      ,a.createrid
      ,a.budgetremark
      ,a.fnaincrement
      ,a.remark
  from edw.oa_budget_19 a
 where a.cdepname_lv1 is null
;
SQL结束执行时间：20190615002044

20190616002043开始执行2019-06-15数据加载日志:
SQL开始执行时间：20190616002043

drop table if exists pdm.oa_budget_19
;
SQL结束执行时间：20190616002043
SQL开始执行时间：20190616002043
create table pdm.oa_budget_19 as
select a.budgetinfoid
      ,a.name_ehr_id
      ,a.name_ehr
      ,a.second_dept
      ,a.third_dept
      ,a.fourth_dept
      ,a.fifth_dept
      ,a.sixth_dept
      ,a.person
      ,a.name
      ,a.u8kemubm
      ,a.cdlx
      ,cast(concat('2019-',a.budgetperiodslist,'-01') as date) as budgetperiodslist
      ,a.budgetaccount
      ,a.createdate
      ,a.approverid
      ,a.createrid
      ,a.budgetremark
      ,a.fnaincrement
      ,a.remark
  from edw.oa_budget_19 a
 where a.cdepname_lv1 is null
;
SQL结束执行时间：20190616002043

20190617002051开始执行2019-06-16数据加载日志:
SQL开始执行时间：20190617002051

drop table if exists pdm.oa_budget_19
;
SQL结束执行时间：20190617002051
SQL开始执行时间：20190617002051
create table pdm.oa_budget_19 as
select a.budgetinfoid
      ,a.name_ehr_id
      ,a.name_ehr
      ,a.second_dept
      ,a.third_dept
      ,a.fourth_dept
      ,a.fifth_dept
      ,a.sixth_dept
      ,a.person
      ,a.name
      ,a.u8kemubm
      ,a.cdlx
      ,cast(concat('2019-',a.budgetperiodslist,'-01') as date) as budgetperiodslist
      ,a.budgetaccount
      ,a.createdate
      ,a.approverid
      ,a.createrid
      ,a.budgetremark
      ,a.fnaincrement
      ,a.remark
  from edw.oa_budget_19 a
 where a.cdepname_lv1 is null
;
SQL结束执行时间：20190617002052

20190618002049开始执行2019-06-17数据加载日志:
SQL开始执行时间：20190618002049

drop table if exists pdm.oa_budget_19
;
SQL结束执行时间：20190618002049
SQL开始执行时间：20190618002049
create table pdm.oa_budget_19 as
select a.budgetinfoid
      ,a.name_ehr_id
      ,a.name_ehr
      ,a.second_dept
      ,a.third_dept
      ,a.fourth_dept
      ,a.fifth_dept
      ,a.sixth_dept
      ,a.person
      ,a.name
      ,a.u8kemubm
      ,a.cdlx
      ,cast(concat('2019-',a.budgetperiodslist,'-01') as date) as budgetperiodslist
      ,a.budgetaccount
      ,a.createdate
      ,a.approverid
      ,a.createrid
      ,a.budgetremark
      ,a.fnaincrement
      ,a.remark
  from edw.oa_budget_19 a
 where a.cdepname_lv1 is null
;
SQL结束执行时间：20190618002049

20190619002057开始执行2019-06-18数据加载日志:
SQL开始执行时间：20190619002057

drop table if exists pdm.oa_budget_19
;
SQL结束执行时间：20190619002057
SQL开始执行时间：20190619002057
create table pdm.oa_budget_19 as
select a.budgetinfoid
      ,a.name_ehr_id
      ,a.name_ehr
      ,a.second_dept
      ,a.third_dept
      ,a.fourth_dept
      ,a.fifth_dept
      ,a.sixth_dept
      ,a.person
      ,a.name
      ,a.u8kemubm
      ,a.cdlx
      ,cast(concat('2019-',a.budgetperiodslist,'-01') as date) as budgetperiodslist
      ,a.budgetaccount
      ,a.createdate
      ,a.approverid
      ,a.createrid
      ,a.budgetremark
      ,a.fnaincrement
      ,a.remark
  from edw.oa_budget_19 a
 where a.cdepname_lv1 is null
;
SQL结束执行时间：20190619002057

20190620002055开始执行2019-06-19数据加载日志:
SQL开始执行时间：20190620002055

drop table if exists pdm.oa_budget_19
;
SQL结束执行时间：20190620002055
SQL开始执行时间：20190620002055
create table pdm.oa_budget_19 as
select a.budgetinfoid
      ,a.name_ehr_id
      ,a.name_ehr
      ,a.second_dept
      ,a.third_dept
      ,a.fourth_dept
      ,a.fifth_dept
      ,a.sixth_dept
      ,a.person
      ,a.name
      ,a.u8kemubm
      ,a.cdlx
      ,cast(concat('2019-',a.budgetperiodslist,'-01') as date) as budgetperiodslist
      ,a.budgetaccount
      ,a.createdate
      ,a.approverid
      ,a.createrid
      ,a.budgetremark
      ,a.fnaincrement
      ,a.remark
  from edw.oa_budget_19 a
 where a.cdepname_lv1 is null
;
SQL结束执行时间：20190620002055

20190621002111开始执行2019-06-20数据加载日志:
SQL开始执行时间：20190621002111

drop table if exists pdm.oa_budget_19
;
SQL结束执行时间：20190621002111
SQL开始执行时间：20190621002111
create table pdm.oa_budget_19 as
select a.budgetinfoid
      ,a.name_ehr_id
      ,a.name_ehr
      ,a.second_dept
      ,a.third_dept
      ,a.fourth_dept
      ,a.fifth_dept
      ,a.sixth_dept
      ,a.person
      ,a.name
      ,a.u8kemubm
      ,a.cdlx
      ,cast(concat('2019-',a.budgetperiodslist,'-01') as date) as budgetperiodslist
      ,a.budgetaccount
      ,a.createdate
      ,a.approverid
      ,a.createrid
      ,a.budgetremark
      ,a.fnaincrement
      ,a.remark
  from edw.oa_budget_19 a
 where a.cdepname_lv1 is null
;
SQL结束执行时间：20190621002112

20190622002102开始执行2019-06-21数据加载日志:
SQL开始执行时间：20190622002102

drop table if exists pdm.oa_budget_19
;
SQL结束执行时间：20190622002102
SQL开始执行时间：20190622002102
create table pdm.oa_budget_19 as
select a.budgetinfoid
      ,a.name_ehr_id
      ,a.name_ehr
      ,a.second_dept
      ,a.third_dept
      ,a.fourth_dept
      ,a.fifth_dept
      ,a.sixth_dept
      ,a.person
      ,a.name
      ,a.u8kemubm
      ,a.cdlx
      ,cast(concat('2019-',a.budgetperiodslist,'-01') as date) as budgetperiodslist
      ,a.budgetaccount
      ,a.createdate
      ,a.approverid
      ,a.createrid
      ,a.budgetremark
      ,a.fnaincrement
      ,a.remark
  from edw.oa_budget_19 a
 where a.cdepname_lv1 is null
;
SQL结束执行时间：20190622002102

20190623002105开始执行2019-06-22数据加载日志:
SQL开始执行时间：20190623002105

drop table if exists pdm.oa_budget_19
;
SQL结束执行时间：20190623002105
SQL开始执行时间：20190623002105
create table pdm.oa_budget_19 as
select a.budgetinfoid
      ,a.name_ehr_id
      ,a.name_ehr
      ,a.second_dept
      ,a.third_dept
      ,a.fourth_dept
      ,a.fifth_dept
      ,a.sixth_dept
      ,a.person
      ,a.name
      ,a.u8kemubm
      ,a.cdlx
      ,cast(concat('2019-',a.budgetperiodslist,'-01') as date) as budgetperiodslist
      ,a.budgetaccount
      ,a.createdate
      ,a.approverid
      ,a.createrid
      ,a.budgetremark
      ,a.fnaincrement
      ,a.remark
  from edw.oa_budget_19 a
 where a.cdepname_lv1 is null
;
SQL结束执行时间：20190623002105

20190624091602开始执行2019-06-23数据加载日志:
SQL开始执行时间：20190624091602

drop table if exists pdm.oa_budget_19
;
SQL结束执行时间：20190624091602
SQL开始执行时间：20190624091602
create table pdm.oa_budget_19 as
select a.budgetinfoid
      ,a.name_ehr_id
      ,a.name_ehr
      ,a.second_dept
      ,a.third_dept
      ,a.fourth_dept
      ,a.fifth_dept
      ,a.sixth_dept
      ,a.person
      ,a.name
      ,a.u8kemubm
      ,a.cdlx
      ,cast(concat('2019-',a.budgetperiodslist,'-01') as date) as budgetperiodslist
      ,a.budgetaccount
      ,a.createdate
      ,a.approverid
      ,a.createrid
      ,a.budgetremark
      ,a.fnaincrement
      ,a.remark
  from edw.oa_budget_19 a
 where a.cdepname_lv1 is null
;
SQL结束执行时间：20190624091602

20190625002117开始执行2019-06-24数据加载日志:
SQL开始执行时间：20190625002117

drop table if exists pdm.oa_budget_19
;
SQL结束执行时间：20190625002117
SQL开始执行时间：20190625002117
create table pdm.oa_budget_19 as
select a.budgetinfoid
      ,a.name_ehr_id
      ,a.name_ehr
      ,a.second_dept
      ,a.third_dept
      ,a.fourth_dept
      ,a.fifth_dept
      ,a.sixth_dept
      ,a.person
      ,a.name
      ,a.u8kemubm
      ,a.cdlx
      ,cast(concat('2019-',a.budgetperiodslist,'-01') as date) as budgetperiodslist
      ,a.budgetaccount
      ,a.createdate
      ,a.approverid
      ,a.createrid
      ,a.budgetremark
      ,a.fnaincrement
      ,a.remark
  from edw.oa_budget_19 a
 where a.cdepname_lv1 is null
;
SQL结束执行时间：20190625002117

20190626145355开始执行2019-06-25数据加载日志:
SQL开始执行时间：20190626145355

drop table if exists pdm.oa_budget_19
;
SQL结束执行时间：20190626145355
SQL开始执行时间：20190626145355
create table pdm.oa_budget_19 as
select a.budgetinfoid
      ,a.name_ehr_id
      ,a.name_ehr
      ,a.second_dept
      ,a.third_dept
      ,a.fourth_dept
      ,a.fifth_dept
      ,a.sixth_dept
      ,a.person
      ,a.name
      ,a.u8kemubm
      ,a.cdlx
      ,cast(concat('2019-',a.budgetperiodslist,'-01') as date) as budgetperiodslist
      ,a.budgetaccount
      ,a.createdate
      ,a.approverid
      ,a.createrid
      ,a.budgetremark
      ,a.fnaincrement
      ,a.remark
  from edw.oa_budget_19 a
 where a.cdepname_lv1 is null
;
SQL结束执行时间：20190626145355

20190627002122开始执行2019-06-26数据加载日志:
SQL开始执行时间：20190627002122

drop table if exists pdm.oa_budget_19
;
SQL结束执行时间：20190627002122
SQL开始执行时间：20190627002122
create table pdm.oa_budget_19 as
select a.budgetinfoid
      ,a.name_ehr_id
      ,a.name_ehr
      ,a.second_dept
      ,a.third_dept
      ,a.fourth_dept
      ,a.fifth_dept
      ,a.sixth_dept
      ,a.person
      ,a.name
      ,a.u8kemubm
      ,a.cdlx
      ,cast(concat('2019-',a.budgetperiodslist,'-01') as date) as budgetperiodslist
      ,a.budgetaccount
      ,a.createdate
      ,a.approverid
      ,a.createrid
      ,a.budgetremark
      ,a.fnaincrement
      ,a.remark
  from edw.oa_budget_19 a
 where a.cdepname_lv1 is null
;
SQL结束执行时间：20190627002122

20190628002151开始执行2019-06-27数据加载日志:
SQL开始执行时间：20190628002151

drop table if exists pdm.oa_budget_19
;
SQL结束执行时间：20190628002151
SQL开始执行时间：20190628002151
create table pdm.oa_budget_19 as
select a.budgetinfoid
      ,a.name_ehr_id
      ,a.name_ehr
      ,a.second_dept
      ,a.third_dept
      ,a.fourth_dept
      ,a.fifth_dept
      ,a.sixth_dept
      ,a.person
      ,a.name
      ,a.u8kemubm
      ,a.cdlx
      ,cast(concat('2019-',a.budgetperiodslist,'-01') as date) as budgetperiodslist
      ,a.budgetaccount
      ,a.createdate
      ,a.approverid
      ,a.createrid
      ,a.budgetremark
      ,a.fnaincrement
      ,a.remark
  from edw.oa_budget_19 a
 where a.cdepname_lv1 is null
;
SQL结束执行时间：20190628002151

20190702084339开始执行2019-07-01数据加载日志:
SQL开始执行时间：20190702084339

drop table if exists pdm.oa_budget_19
;
SQL结束执行时间：20190702084339
SQL开始执行时间：20190702084339
create table pdm.oa_budget_19 as
select a.budgetinfoid
      ,a.name_ehr_id
      ,a.name_ehr
      ,a.second_dept
      ,a.third_dept
      ,a.fourth_dept
      ,a.fifth_dept
      ,a.sixth_dept
      ,a.person
      ,a.name
      ,a.u8kemubm
      ,a.cdlx
      ,cast(concat('2019-',a.budgetperiodslist,'-01') as date) as budgetperiodslist
      ,a.budgetaccount
      ,a.createdate
      ,a.approverid
      ,a.createrid
      ,a.budgetremark
      ,a.fnaincrement
      ,a.remark
  from edw.oa_budget_19 a
 where a.cdepname_lv1 is null
;
SQL结束执行时间：20190702084340

20190702092519开始执行2019-07-01数据加载日志:
SQL开始执行时间：20190702092519

drop table if exists pdm.oa_budget_19
;
SQL结束执行时间：20190702092519
SQL开始执行时间：20190702092519
create table pdm.oa_budget_19 as
select a.budgetinfoid
      ,a.name_ehr_id
      ,a.name_ehr
      ,a.second_dept
      ,a.third_dept
      ,a.fourth_dept
      ,a.fifth_dept
      ,a.sixth_dept
      ,a.person
      ,a.name
      ,a.u8kemubm
      ,a.cdlx
      ,cast(concat('2019-',a.budgetperiodslist,'-01') as date) as budgetperiodslist
      ,a.budgetaccount
      ,a.createdate
      ,a.approverid
      ,a.createrid
      ,a.budgetremark
      ,a.fnaincrement
      ,a.remark
  from edw.oa_budget_19 a
 where a.cdepname_lv1 is null
;
SQL结束执行时间：20190702092520

20190703002137开始执行2019-07-02数据加载日志:
SQL开始执行时间：20190703002137

drop table if exists pdm.oa_budget_19
;
SQL结束执行时间：20190703002137
SQL开始执行时间：20190703002137
create table pdm.oa_budget_19 as
select a.budgetinfoid
      ,a.name_ehr_id
      ,a.name_ehr
      ,a.second_dept
      ,a.third_dept
      ,a.fourth_dept
      ,a.fifth_dept
      ,a.sixth_dept
      ,a.person
      ,a.name
      ,a.u8kemubm
      ,a.cdlx
      ,cast(concat('2019-',a.budgetperiodslist,'-01') as date) as budgetperiodslist
      ,a.budgetaccount
      ,a.createdate
      ,a.approverid
      ,a.createrid
      ,a.budgetremark
      ,a.fnaincrement
      ,a.remark
  from edw.oa_budget_19 a
 where a.cdepname_lv1 is null
;
SQL结束执行时间：20190703002137

20190704002145开始执行2019-07-03数据加载日志:
SQL开始执行时间：20190704002145

drop table if exists pdm.oa_budget_19
;
SQL结束执行时间：20190704002145
SQL开始执行时间：20190704002145
create table pdm.oa_budget_19 as
select a.budgetinfoid
      ,a.name_ehr_id
      ,a.name_ehr
      ,a.second_dept
      ,a.third_dept
      ,a.fourth_dept
      ,a.fifth_dept
      ,a.sixth_dept
      ,a.person
      ,a.name
      ,a.u8kemubm
      ,a.cdlx
      ,cast(concat('2019-',a.budgetperiodslist,'-01') as date) as budgetperiodslist
      ,a.budgetaccount
      ,a.createdate
      ,a.approverid
      ,a.createrid
      ,a.budgetremark
      ,a.fnaincrement
      ,a.remark
  from edw.oa_budget_19 a
 where a.cdepname_lv1 is null
;
SQL结束执行时间：20190704002145

20190705002210开始执行2019-07-04数据加载日志:
SQL开始执行时间：20190705002210

drop table if exists pdm.oa_budget_19
;
SQL结束执行时间：20190705002210
SQL开始执行时间：20190705002210
create table pdm.oa_budget_19 as
select a.budgetinfoid
      ,a.name_ehr_id
      ,a.name_ehr
      ,a.second_dept
      ,a.third_dept
      ,a.fourth_dept
      ,a.fifth_dept
      ,a.sixth_dept
      ,a.person
      ,a.name
      ,a.u8kemubm
      ,a.cdlx
      ,cast(concat('2019-',a.budgetperiodslist,'-01') as date) as budgetperiodslist
      ,a.budgetaccount
      ,a.createdate
      ,a.approverid
      ,a.createrid
      ,a.budgetremark
      ,a.fnaincrement
      ,a.remark
  from edw.oa_budget_19 a
 where a.cdepname_lv1 is null
;
SQL结束执行时间：20190705002210

20190706002219开始执行2019-07-05数据加载日志:
SQL开始执行时间：20190706002219

drop table if exists pdm.oa_budget_19
;
SQL结束执行时间：20190706002219
SQL开始执行时间：20190706002219
create table pdm.oa_budget_19 as
select a.budgetinfoid
      ,a.name_ehr_id
      ,a.name_ehr
      ,a.second_dept
      ,a.third_dept
      ,a.fourth_dept
      ,a.fifth_dept
      ,a.sixth_dept
      ,a.person
      ,a.name
      ,a.u8kemubm
      ,a.cdlx
      ,cast(concat('2019-',a.budgetperiodslist,'-01') as date) as budgetperiodslist
      ,a.budgetaccount
      ,a.createdate
      ,a.approverid
      ,a.createrid
      ,a.budgetremark
      ,a.fnaincrement
      ,a.remark
  from edw.oa_budget_19 a
 where a.cdepname_lv1 is null
;
SQL结束执行时间：20190706002219

20190707002222开始执行2019-07-06数据加载日志:
SQL开始执行时间：20190707002222

drop table if exists pdm.oa_budget_19
;
SQL结束执行时间：20190707002222
SQL开始执行时间：20190707002222
create table pdm.oa_budget_19 as
select a.budgetinfoid
      ,a.name_ehr_id
      ,a.name_ehr
      ,a.second_dept
      ,a.third_dept
      ,a.fourth_dept
      ,a.fifth_dept
      ,a.sixth_dept
      ,a.person
      ,a.name
      ,a.u8kemubm
      ,a.cdlx
      ,cast(concat('2019-',a.budgetperiodslist,'-01') as date) as budgetperiodslist
      ,a.budgetaccount
      ,a.createdate
      ,a.approverid
      ,a.createrid
      ,a.budgetremark
      ,a.fnaincrement
      ,a.remark
  from edw.oa_budget_19 a
 where a.cdepname_lv1 is null
;
SQL结束执行时间：20190707002222

20190708002243开始执行2019-07-07数据加载日志:
SQL开始执行时间：20190708002243

drop table if exists pdm.oa_budget_19
;
SQL结束执行时间：20190708002243
SQL开始执行时间：20190708002243
create table pdm.oa_budget_19 as
select a.budgetinfoid
      ,a.name_ehr_id
      ,a.name_ehr
      ,a.second_dept
      ,a.third_dept
      ,a.fourth_dept
      ,a.fifth_dept
      ,a.sixth_dept
      ,a.person
      ,a.name
      ,a.u8kemubm
      ,a.cdlx
      ,cast(concat('2019-',a.budgetperiodslist,'-01') as date) as budgetperiodslist
      ,a.budgetaccount
      ,a.createdate
      ,a.approverid
      ,a.createrid
      ,a.budgetremark
      ,a.fnaincrement
      ,a.remark
  from edw.oa_budget_19 a
 where a.cdepname_lv1 is null
;
SQL结束执行时间：20190708002244

20190709002230开始执行2019-07-08数据加载日志:
SQL开始执行时间：20190709002230

drop table if exists pdm.oa_budget_19
;
SQL结束执行时间：20190709002230
SQL开始执行时间：20190709002230
create table pdm.oa_budget_19 as
select a.budgetinfoid
      ,a.name_ehr_id
      ,a.name_ehr
      ,a.second_dept
      ,a.third_dept
      ,a.fourth_dept
      ,a.fifth_dept
      ,a.sixth_dept
      ,a.person
      ,a.name
      ,a.u8kemubm
      ,a.cdlx
      ,cast(concat('2019-',a.budgetperiodslist,'-01') as date) as budgetperiodslist
      ,a.budgetaccount
      ,a.createdate
      ,a.approverid
      ,a.createrid
      ,a.budgetremark
      ,a.fnaincrement
      ,a.remark
  from edw.oa_budget_19 a
 where a.cdepname_lv1 is null
;
SQL结束执行时间：20190709002230

20190710002235开始执行2019-07-09数据加载日志:
SQL开始执行时间：20190710002235

drop table if exists pdm.oa_budget_19
;
SQL结束执行时间：20190710002235
SQL开始执行时间：20190710002235
create table pdm.oa_budget_19 as
select a.budgetinfoid
      ,a.name_ehr_id
      ,a.name_ehr
      ,a.second_dept
      ,a.third_dept
      ,a.fourth_dept
      ,a.fifth_dept
      ,a.sixth_dept
      ,a.person
      ,a.name
      ,a.u8kemubm
      ,a.cdlx
      ,cast(concat('2019-',a.budgetperiodslist,'-01') as date) as budgetperiodslist
      ,a.budgetaccount
      ,a.createdate
      ,a.approverid
      ,a.createrid
      ,a.budgetremark
      ,a.fnaincrement
      ,a.remark
  from edw.oa_budget_19 a
 where a.cdepname_lv1 is null
;
SQL结束执行时间：20190710002235

20190711002239开始执行2019-07-10数据加载日志:
SQL开始执行时间：20190711002239

drop table if exists pdm.oa_budget_19
;
SQL结束执行时间：20190711002239
SQL开始执行时间：20190711002239
create table pdm.oa_budget_19 as
select a.budgetinfoid
      ,a.name_ehr_id
      ,a.name_ehr
      ,a.second_dept
      ,a.third_dept
      ,a.fourth_dept
      ,a.fifth_dept
      ,a.sixth_dept
      ,a.person
      ,a.name
      ,a.u8kemubm
      ,a.cdlx
      ,cast(concat('2019-',a.budgetperiodslist,'-01') as date) as budgetperiodslist
      ,a.budgetaccount
      ,a.createdate
      ,a.approverid
      ,a.createrid
      ,a.budgetremark
      ,a.fnaincrement
      ,a.remark
  from edw.oa_budget_19 a
 where a.cdepname_lv1 is null
;
SQL结束执行时间：20190711002239

20190712002258开始执行2019-07-11数据加载日志:
SQL开始执行时间：20190712002258

drop table if exists pdm.oa_budget_19
;
SQL结束执行时间：20190712002258
SQL开始执行时间：20190712002258
create table pdm.oa_budget_19 as
select a.budgetinfoid
      ,a.name_ehr_id
      ,a.name_ehr
      ,a.second_dept
      ,a.third_dept
      ,a.fourth_dept
      ,a.fifth_dept
      ,a.sixth_dept
      ,a.person
      ,a.name
      ,a.u8kemubm
      ,a.cdlx
      ,cast(concat('2019-',a.budgetperiodslist,'-01') as date) as budgetperiodslist
      ,a.budgetaccount
      ,a.createdate
      ,a.approverid
      ,a.createrid
      ,a.budgetremark
      ,a.fnaincrement
      ,a.remark
  from edw.oa_budget_19 a
 where a.cdepname_lv1 is null
;
SQL结束执行时间：20190712002258

20190715091216开始执行2019-07-14数据加载日志:
SQL开始执行时间：20190715091216

drop table if exists pdm.oa_budget_19
;
SQL结束执行时间：20190715091216
SQL开始执行时间：20190715091216
create table pdm.oa_budget_19 as
select a.budgetinfoid
      ,a.name_ehr_id
      ,a.name_ehr
      ,a.second_dept
      ,a.third_dept
      ,a.fourth_dept
      ,a.fifth_dept
      ,a.sixth_dept
      ,a.person
      ,a.name
      ,a.u8kemubm
      ,a.cdlx
      ,cast(concat('2019-',a.budgetperiodslist,'-01') as date) as budgetperiodslist
      ,a.budgetaccount
      ,a.createdate
      ,a.approverid
      ,a.createrid
      ,a.budgetremark
      ,a.fnaincrement
      ,a.remark
  from edw.oa_budget_19 a
 where a.cdepname_lv1 is null
;
SQL结束执行时间：20190715091216

20190716004412开始执行2019-07-15数据加载日志:
SQL开始执行时间：20190716004412

drop table if exists pdm.oa_budget_19
;
SQL结束执行时间：20190716004412
SQL开始执行时间：20190716004412
create table pdm.oa_budget_19 as
select a.budgetinfoid
      ,a.name_ehr_id
      ,a.name_ehr
      ,a.second_dept
      ,a.third_dept
      ,a.fourth_dept
      ,a.fifth_dept
      ,a.sixth_dept
      ,a.person
      ,a.name
      ,a.u8kemubm
      ,a.cdlx
      ,cast(concat('2019-',a.budgetperiodslist,'-01') as date) as budgetperiodslist
      ,a.budgetaccount
      ,a.createdate
      ,a.approverid
      ,a.createrid
      ,a.budgetremark
      ,a.fnaincrement
      ,a.remark
  from edw.oa_budget_19 a
 where a.cdepname_lv1 is null
;
SQL结束执行时间：20190716004412

20190717002259开始执行2019-07-16数据加载日志:
SQL开始执行时间：20190717002259

drop table if exists pdm.oa_budget_19
;
SQL结束执行时间：20190717002259
SQL开始执行时间：20190717002259
create table pdm.oa_budget_19 as
select a.budgetinfoid
      ,a.name_ehr_id
      ,a.name_ehr
      ,a.second_dept
      ,a.third_dept
      ,a.fourth_dept
      ,a.fifth_dept
      ,a.sixth_dept
      ,a.person
      ,a.name
      ,a.u8kemubm
      ,a.cdlx
      ,cast(concat('2019-',a.budgetperiodslist,'-01') as date) as budgetperiodslist
      ,a.budgetaccount
      ,a.createdate
      ,a.approverid
      ,a.createrid
      ,a.budgetremark
      ,a.fnaincrement
      ,a.remark
  from edw.oa_budget_19 a
 where a.cdepname_lv1 is null
;
SQL结束执行时间：20190717002259

20190718002320开始执行2019-07-17数据加载日志:
SQL开始执行时间：20190718002320

drop table if exists pdm.oa_budget_19
;
SQL结束执行时间：20190718002320
SQL开始执行时间：20190718002320
create table pdm.oa_budget_19 as
select a.budgetinfoid
      ,a.name_ehr_id
      ,a.name_ehr
      ,a.second_dept
      ,a.third_dept
      ,a.fourth_dept
      ,a.fifth_dept
      ,a.sixth_dept
      ,a.person
      ,a.name
      ,a.u8kemubm
      ,a.cdlx
      ,cast(concat('2019-',a.budgetperiodslist,'-01') as date) as budgetperiodslist
      ,a.budgetaccount
      ,a.createdate
      ,a.approverid
      ,a.createrid
      ,a.budgetremark
      ,a.fnaincrement
      ,a.remark
  from edw.oa_budget_19 a
 where a.cdepname_lv1 is null
;
SQL结束执行时间：20190718002320

20190719002306开始执行2019-07-18数据加载日志:
SQL开始执行时间：20190719002306

drop table if exists pdm.oa_budget_19
;
SQL结束执行时间：20190719002306
SQL开始执行时间：20190719002306
create table pdm.oa_budget_19 as
select a.budgetinfoid
      ,a.name_ehr_id
      ,a.name_ehr
      ,a.second_dept
      ,a.third_dept
      ,a.fourth_dept
      ,a.fifth_dept
      ,a.sixth_dept
      ,a.person
      ,a.name
      ,a.u8kemubm
      ,a.cdlx
      ,cast(concat('2019-',a.budgetperiodslist,'-01') as date) as budgetperiodslist
      ,a.budgetaccount
      ,a.createdate
      ,a.approverid
      ,a.createrid
      ,a.budgetremark
      ,a.fnaincrement
      ,a.remark
  from edw.oa_budget_19 a
 where a.cdepname_lv1 is null
;
SQL结束执行时间：20190719002306

20190720002230开始执行2019-07-19数据加载日志:
SQL开始执行时间：20190720002230

drop table if exists pdm.oa_budget_19
;
SQL结束执行时间：20190720002230
SQL开始执行时间：20190720002230
create table pdm.oa_budget_19 as
select a.budgetinfoid
      ,a.name_ehr_id
      ,a.name_ehr
      ,a.second_dept
      ,a.third_dept
      ,a.fourth_dept
      ,a.fifth_dept
      ,a.sixth_dept
      ,a.person
      ,a.name
      ,a.u8kemubm
      ,a.cdlx
      ,cast(concat('2019-',a.budgetperiodslist,'-01') as date) as budgetperiodslist
      ,a.budgetaccount
      ,a.createdate
      ,a.approverid
      ,a.createrid
      ,a.budgetremark
      ,a.fnaincrement
      ,a.remark
  from edw.oa_budget_19 a
 where a.cdepname_lv1 is null
;
SQL结束执行时间：20190720002230

20190721002236开始执行2019-07-20数据加载日志:
SQL开始执行时间：20190721002236

drop table if exists pdm.oa_budget_19
;
SQL结束执行时间：20190721002236
SQL开始执行时间：20190721002236
create table pdm.oa_budget_19 as
select a.budgetinfoid
      ,a.name_ehr_id
      ,a.name_ehr
      ,a.second_dept
      ,a.third_dept
      ,a.fourth_dept
      ,a.fifth_dept
      ,a.sixth_dept
      ,a.person
      ,a.name
      ,a.u8kemubm
      ,a.cdlx
      ,cast(concat('2019-',a.budgetperiodslist,'-01') as date) as budgetperiodslist
      ,a.budgetaccount
      ,a.createdate
      ,a.approverid
      ,a.createrid
      ,a.budgetremark
      ,a.fnaincrement
      ,a.remark
  from edw.oa_budget_19 a
 where a.cdepname_lv1 is null
;
SQL结束执行时间：20190721002236

20190722002236开始执行2019-07-21数据加载日志:
SQL开始执行时间：20190722002236

drop table if exists pdm.oa_budget_19
;
SQL结束执行时间：20190722002236
SQL开始执行时间：20190722002236
create table pdm.oa_budget_19 as
select a.budgetinfoid
      ,a.name_ehr_id
      ,a.name_ehr
      ,a.second_dept
      ,a.third_dept
      ,a.fourth_dept
      ,a.fifth_dept
      ,a.sixth_dept
      ,a.person
      ,a.name
      ,a.u8kemubm
      ,a.cdlx
      ,cast(concat('2019-',a.budgetperiodslist,'-01') as date) as budgetperiodslist
      ,a.budgetaccount
      ,a.createdate
      ,a.approverid
      ,a.createrid
      ,a.budgetremark
      ,a.fnaincrement
      ,a.remark
  from edw.oa_budget_19 a
 where a.cdepname_lv1 is null
;
SQL结束执行时间：20190722002237

20190723002246开始执行2019-07-22数据加载日志:
SQL开始执行时间：20190723002246

drop table if exists pdm.oa_budget_19
;
SQL结束执行时间：20190723002246
SQL开始执行时间：20190723002246
create table pdm.oa_budget_19 as
select a.budgetinfoid
      ,a.name_ehr_id
      ,a.name_ehr
      ,a.second_dept
      ,a.third_dept
      ,a.fourth_dept
      ,a.fifth_dept
      ,a.sixth_dept
      ,a.person
      ,a.name
      ,a.u8kemubm
      ,a.cdlx
      ,cast(concat('2019-',a.budgetperiodslist,'-01') as date) as budgetperiodslist
      ,a.budgetaccount
      ,a.createdate
      ,a.approverid
      ,a.createrid
      ,a.budgetremark
      ,a.fnaincrement
      ,a.remark
  from edw.oa_budget_19 a
 where a.cdepname_lv1 is null
;
SQL结束执行时间：20190723002246

20190724085641开始执行2019-07-23数据加载日志:
SQL开始执行时间：20190724085641

drop table if exists pdm.oa_budget_19
;
SQL结束执行时间：20190724085641
SQL开始执行时间：20190724085641
create table pdm.oa_budget_19 as
select a.budgetinfoid
      ,a.name_ehr_id
      ,a.name_ehr
      ,a.second_dept
      ,a.third_dept
      ,a.fourth_dept
      ,a.fifth_dept
      ,a.sixth_dept
      ,a.person
      ,a.name
      ,a.u8kemubm
      ,a.cdlx
      ,cast(concat('2019-',a.budgetperiodslist,'-01') as date) as budgetperiodslist
      ,a.budgetaccount
      ,a.createdate
      ,a.approverid
      ,a.createrid
      ,a.budgetremark
      ,a.fnaincrement
      ,a.remark
  from edw.oa_budget_19 a
 where a.cdepname_lv1 is null
;
SQL结束执行时间：20190724085641

20190725092033开始执行2019-07-24数据加载日志:
SQL开始执行时间：20190725092033

drop table if exists pdm.oa_budget_19
;
SQL结束执行时间：20190725092033
SQL开始执行时间：20190725092033
create table pdm.oa_budget_19 as
select a.budgetinfoid
      ,a.name_ehr_id
      ,a.name_ehr
      ,a.second_dept
      ,a.third_dept
      ,a.fourth_dept
      ,a.fifth_dept
      ,a.sixth_dept
      ,a.person
      ,a.name
      ,a.u8kemubm
      ,a.cdlx
      ,cast(concat('2019-',a.budgetperiodslist,'-01') as date) as budgetperiodslist
      ,a.budgetaccount
      ,a.createdate
      ,a.approverid
      ,a.createrid
      ,a.budgetremark
      ,a.fnaincrement
      ,a.remark
  from edw.oa_budget_19 a
 where a.cdepname_lv1 is null
;
SQL结束执行时间：20190725092033

20190726001912开始执行2019-07-25数据加载日志:
SQL开始执行时间：20190726001912

drop table if exists pdm.oa_budget_19
;
SQL结束执行时间：20190726001912
SQL开始执行时间：20190726001912
create table pdm.oa_budget_19 as
select a.budgetinfoid
      ,a.name_ehr_id
      ,a.name_ehr
      ,a.second_dept
      ,a.third_dept
      ,a.fourth_dept
      ,a.fifth_dept
      ,a.sixth_dept
      ,a.person
      ,a.name
      ,a.u8kemubm
      ,a.cdlx
      ,cast(concat('2019-',a.budgetperiodslist,'-01') as date) as budgetperiodslist
      ,a.budgetaccount
      ,a.createdate
      ,a.approverid
      ,a.createrid
      ,a.budgetremark
      ,a.fnaincrement
      ,a.remark
  from edw.oa_budget_19 a
 where a.cdepname_lv1 is null
;
SQL结束执行时间：20190726001912

20190727001936开始执行2019-07-26数据加载日志:
SQL开始执行时间：20190727001936

drop table if exists pdm.oa_budget_19
;
SQL结束执行时间：20190727001936
SQL开始执行时间：20190727001936
create table pdm.oa_budget_19 as
select a.budgetinfoid
      ,a.name_ehr_id
      ,a.name_ehr
      ,a.second_dept
      ,a.third_dept
      ,a.fourth_dept
      ,a.fifth_dept
      ,a.sixth_dept
      ,a.person
      ,a.name
      ,a.u8kemubm
      ,a.cdlx
      ,cast(concat('2019-',a.budgetperiodslist,'-01') as date) as budgetperiodslist
      ,a.budgetaccount
      ,a.createdate
      ,a.approverid
      ,a.createrid
      ,a.budgetremark
      ,a.fnaincrement
      ,a.remark
  from edw.oa_budget_19 a
 where a.cdepname_lv1 is null
;
SQL结束执行时间：20190727001936

20190728001931开始执行2019-07-27数据加载日志:
SQL开始执行时间：20190728001931

drop table if exists pdm.oa_budget_19
;
SQL结束执行时间：20190728001931
SQL开始执行时间：20190728001931
create table pdm.oa_budget_19 as
select a.budgetinfoid
      ,a.name_ehr_id
      ,a.name_ehr
      ,a.second_dept
      ,a.third_dept
      ,a.fourth_dept
      ,a.fifth_dept
      ,a.sixth_dept
      ,a.person
      ,a.name
      ,a.u8kemubm
      ,a.cdlx
      ,cast(concat('2019-',a.budgetperiodslist,'-01') as date) as budgetperiodslist
      ,a.budgetaccount
      ,a.createdate
      ,a.approverid
      ,a.createrid
      ,a.budgetremark
      ,a.fnaincrement
      ,a.remark
  from edw.oa_budget_19 a
 where a.cdepname_lv1 is null
;
SQL结束执行时间：20190728001931

20190729001930开始执行2019-07-28数据加载日志:
SQL开始执行时间：20190729001930

drop table if exists pdm.oa_budget_19
;
SQL结束执行时间：20190729001930
SQL开始执行时间：20190729001930
create table pdm.oa_budget_19 as
select a.budgetinfoid
      ,a.name_ehr_id
      ,a.name_ehr
      ,a.second_dept
      ,a.third_dept
      ,a.fourth_dept
      ,a.fifth_dept
      ,a.sixth_dept
      ,a.person
      ,a.name
      ,a.u8kemubm
      ,a.cdlx
      ,cast(concat('2019-',a.budgetperiodslist,'-01') as date) as budgetperiodslist
      ,a.budgetaccount
      ,a.createdate
      ,a.approverid
      ,a.createrid
      ,a.budgetremark
      ,a.fnaincrement
      ,a.remark
  from edw.oa_budget_19 a
 where a.cdepname_lv1 is null
;
SQL结束执行时间：20190729001930

20190730084549开始执行2019-07-29数据加载日志:
SQL开始执行时间：20190730084549

drop table if exists pdm.oa_budget_19
;
SQL结束执行时间：20190730084549
SQL开始执行时间：20190730084549
create table pdm.oa_budget_19 as
select a.budgetinfoid
      ,a.name_ehr_id
      ,a.name_ehr
      ,a.second_dept
      ,a.third_dept
      ,a.fourth_dept
      ,a.fifth_dept
      ,a.sixth_dept
      ,a.person
      ,a.name
      ,a.u8kemubm
      ,a.cdlx
      ,cast(concat('2019-',a.budgetperiodslist,'-01') as date) as budgetperiodslist
      ,a.budgetaccount
      ,a.createdate
      ,a.approverid
      ,a.createrid
      ,a.budgetremark
      ,a.fnaincrement
      ,a.remark
  from edw.oa_budget_19 a
 where a.cdepname_lv1 is null
;
SQL结束执行时间：20190730084549

20190731002024开始执行2019-07-30数据加载日志:
SQL开始执行时间：20190731002024

drop table if exists pdm.oa_budget_19
;
SQL结束执行时间：20190731002024
SQL开始执行时间：20190731002024
create table pdm.oa_budget_19 as
select a.budgetinfoid
      ,a.name_ehr_id
      ,a.name_ehr
      ,a.second_dept
      ,a.third_dept
      ,a.fourth_dept
      ,a.fifth_dept
      ,a.sixth_dept
      ,a.person
      ,a.name
      ,a.u8kemubm
      ,a.cdlx
      ,cast(concat('2019-',a.budgetperiodslist,'-01') as date) as budgetperiodslist
      ,a.budgetaccount
      ,a.createdate
      ,a.approverid
      ,a.createrid
      ,a.budgetremark
      ,a.fnaincrement
      ,a.remark
  from edw.oa_budget_19 a
 where a.cdepname_lv1 is null
;
SQL结束执行时间：20190731002024

20190801001953开始执行2019-07-31数据加载日志:
SQL开始执行时间：20190801001953

drop table if exists pdm.oa_budget_19
;
SQL结束执行时间：20190801001953
SQL开始执行时间：20190801001953
create table pdm.oa_budget_19 as
select a.budgetinfoid
      ,a.name_ehr_id
      ,a.name_ehr
      ,a.second_dept
      ,a.third_dept
      ,a.fourth_dept
      ,a.fifth_dept
      ,a.sixth_dept
      ,a.person
      ,a.name
      ,a.u8kemubm
      ,a.cdlx
      ,cast(concat('2019-',a.budgetperiodslist,'-01') as date) as budgetperiodslist
      ,a.budgetaccount
      ,a.createdate
      ,a.approverid
      ,a.createrid
      ,a.budgetremark
      ,a.fnaincrement
      ,a.remark
  from edw.oa_budget_19 a
 where a.cdepname_lv1 is null
;
SQL结束执行时间：20190801001953

20190802002007开始执行2019-08-01数据加载日志:
SQL开始执行时间：20190802002007

drop table if exists pdm.oa_budget_19
;
SQL结束执行时间：20190802002007
SQL开始执行时间：20190802002007
create table pdm.oa_budget_19 as
select a.budgetinfoid
      ,a.name_ehr_id
      ,a.name_ehr
      ,a.second_dept
      ,a.third_dept
      ,a.fourth_dept
      ,a.fifth_dept
      ,a.sixth_dept
      ,a.person
      ,a.name
      ,a.u8kemubm
      ,a.cdlx
      ,cast(concat('2019-',a.budgetperiodslist,'-01') as date) as budgetperiodslist
      ,a.budgetaccount
      ,a.createdate
      ,a.approverid
      ,a.createrid
      ,a.budgetremark
      ,a.fnaincrement
      ,a.remark
  from edw.oa_budget_19 a
 where a.cdepname_lv1 is null
;
SQL结束执行时间：20190802002008

20190803002030开始执行2019-08-02数据加载日志:
SQL开始执行时间：20190803002030

drop table if exists pdm.oa_budget_19
;
SQL结束执行时间：20190803002030
SQL开始执行时间：20190803002030
create table pdm.oa_budget_19 as
select a.budgetinfoid
      ,a.name_ehr_id
      ,a.name_ehr
      ,a.second_dept
      ,a.third_dept
      ,a.fourth_dept
      ,a.fifth_dept
      ,a.sixth_dept
      ,a.person
      ,a.name
      ,a.u8kemubm
      ,a.cdlx
      ,cast(concat('2019-',a.budgetperiodslist,'-01') as date) as budgetperiodslist
      ,a.budgetaccount
      ,a.createdate
      ,a.approverid
      ,a.createrid
      ,a.budgetremark
      ,a.fnaincrement
      ,a.remark
  from edw.oa_budget_19 a
 where a.cdepname_lv1 is null
;
SQL结束执行时间：20190803002030

20190804002019开始执行2019-08-03数据加载日志:
SQL开始执行时间：20190804002019

drop table if exists pdm.oa_budget_19
;
SQL结束执行时间：20190804002019
SQL开始执行时间：20190804002019
create table pdm.oa_budget_19 as
select a.budgetinfoid
      ,a.name_ehr_id
      ,a.name_ehr
      ,a.second_dept
      ,a.third_dept
      ,a.fourth_dept
      ,a.fifth_dept
      ,a.sixth_dept
      ,a.person
      ,a.name
      ,a.u8kemubm
      ,a.cdlx
      ,cast(concat('2019-',a.budgetperiodslist,'-01') as date) as budgetperiodslist
      ,a.budgetaccount
      ,a.createdate
      ,a.approverid
      ,a.createrid
      ,a.budgetremark
      ,a.fnaincrement
      ,a.remark
  from edw.oa_budget_19 a
 where a.cdepname_lv1 is null
;
SQL结束执行时间：20190804002019

20190805002022开始执行2019-08-04数据加载日志:
SQL开始执行时间：20190805002022

drop table if exists pdm.oa_budget_19
;
SQL结束执行时间：20190805002022
SQL开始执行时间：20190805002022
create table pdm.oa_budget_19 as
select a.budgetinfoid
      ,a.name_ehr_id
      ,a.name_ehr
      ,a.second_dept
      ,a.third_dept
      ,a.fourth_dept
      ,a.fifth_dept
      ,a.sixth_dept
      ,a.person
      ,a.name
      ,a.u8kemubm
      ,a.cdlx
      ,cast(concat('2019-',a.budgetperiodslist,'-01') as date) as budgetperiodslist
      ,a.budgetaccount
      ,a.createdate
      ,a.approverid
      ,a.createrid
      ,a.budgetremark
      ,a.fnaincrement
      ,a.remark
  from edw.oa_budget_19 a
 where a.cdepname_lv1 is null
;
SQL结束执行时间：20190805002022

20190806001953开始执行2019-08-05数据加载日志:
SQL开始执行时间：20190806001953

drop table if exists pdm.oa_budget_19
;
SQL结束执行时间：20190806001953
SQL开始执行时间：20190806001953
create table pdm.oa_budget_19 as
select a.budgetinfoid
      ,a.name_ehr_id
      ,a.name_ehr
      ,a.second_dept
      ,a.third_dept
      ,a.fourth_dept
      ,a.fifth_dept
      ,a.sixth_dept
      ,a.person
      ,a.name
      ,a.u8kemubm
      ,a.cdlx
      ,cast(concat('2019-',a.budgetperiodslist,'-01') as date) as budgetperiodslist
      ,a.budgetaccount
      ,a.createdate
      ,a.approverid
      ,a.createrid
      ,a.budgetremark
      ,a.fnaincrement
      ,a.remark
  from edw.oa_budget_19 a
 where a.cdepname_lv1 is null
;
SQL结束执行时间：20190806001953

20190807002023开始执行2019-08-06数据加载日志:
SQL开始执行时间：20190807002023

drop table if exists pdm.oa_budget_19
;
SQL结束执行时间：20190807002023
SQL开始执行时间：20190807002023
create table pdm.oa_budget_19 as
select a.budgetinfoid
      ,a.name_ehr_id
      ,a.name_ehr
      ,a.second_dept
      ,a.third_dept
      ,a.fourth_dept
      ,a.fifth_dept
      ,a.sixth_dept
      ,a.person
      ,a.name
      ,a.u8kemubm
      ,a.cdlx
      ,cast(concat('2019-',a.budgetperiodslist,'-01') as date) as budgetperiodslist
      ,a.budgetaccount
      ,a.createdate
      ,a.approverid
      ,a.createrid
      ,a.budgetremark
      ,a.fnaincrement
      ,a.remark
  from edw.oa_budget_19 a
 where a.cdepname_lv1 is null
;
SQL结束执行时间：20190807002023

20190808001954开始执行2019-08-07数据加载日志:
SQL开始执行时间：20190808001954

drop table if exists pdm.oa_budget_19
;
SQL结束执行时间：20190808001954
SQL开始执行时间：20190808001954
create table pdm.oa_budget_19 as
select a.budgetinfoid
      ,a.name_ehr_id
      ,a.name_ehr
      ,a.second_dept
      ,a.third_dept
      ,a.fourth_dept
      ,a.fifth_dept
      ,a.sixth_dept
      ,a.person
      ,a.name
      ,a.u8kemubm
      ,a.cdlx
      ,cast(concat('2019-',a.budgetperiodslist,'-01') as date) as budgetperiodslist
      ,a.budgetaccount
      ,a.createdate
      ,a.approverid
      ,a.createrid
      ,a.budgetremark
      ,a.fnaincrement
      ,a.remark
  from edw.oa_budget_19 a
 where a.cdepname_lv1 is null
;
SQL结束执行时间：20190808001954

20190809002010开始执行2019-08-08数据加载日志:
SQL开始执行时间：20190809002010

drop table if exists pdm.oa_budget_19
;
SQL结束执行时间：20190809002010
SQL开始执行时间：20190809002010
create table pdm.oa_budget_19 as
select a.budgetinfoid
      ,a.name_ehr_id
      ,a.name_ehr
      ,a.second_dept
      ,a.third_dept
      ,a.fourth_dept
      ,a.fifth_dept
      ,a.sixth_dept
      ,a.person
      ,a.name
      ,a.u8kemubm
      ,a.cdlx
      ,cast(concat('2019-',a.budgetperiodslist,'-01') as date) as budgetperiodslist
      ,a.budgetaccount
      ,a.createdate
      ,a.approverid
      ,a.createrid
      ,a.budgetremark
      ,a.fnaincrement
      ,a.remark
  from edw.oa_budget_19 a
 where a.cdepname_lv1 is null
;
SQL结束执行时间：20190809002010

20190812084245开始执行2019-08-11数据加载日志:
SQL开始执行时间：20190812084245

drop table if exists pdm.oa_budget_19
;
SQL结束执行时间：20190812084245
SQL开始执行时间：20190812084245
create table pdm.oa_budget_19 as
select a.budgetinfoid
      ,a.name_ehr_id
      ,a.name_ehr
      ,a.second_dept
      ,a.third_dept
      ,a.fourth_dept
      ,a.fifth_dept
      ,a.sixth_dept
      ,a.person
      ,a.name
      ,a.u8kemubm
      ,a.cdlx
      ,cast(concat('2019-',a.budgetperiodslist,'-01') as date) as budgetperiodslist
      ,a.budgetaccount
      ,a.createdate
      ,a.approverid
      ,a.createrid
      ,a.budgetremark
      ,a.fnaincrement
      ,a.remark
  from edw.oa_budget_19 a
 where a.cdepname_lv1 is null
;
SQL结束执行时间：20190812084245

20190813002013开始执行2019-08-12数据加载日志:
SQL开始执行时间：20190813002013

drop table if exists pdm.oa_budget_19
;
SQL结束执行时间：20190813002014
SQL开始执行时间：20190813002014
create table pdm.oa_budget_19 as
select a.budgetinfoid
      ,a.name_ehr_id
      ,a.name_ehr
      ,a.second_dept
      ,a.third_dept
      ,a.fourth_dept
      ,a.fifth_dept
      ,a.sixth_dept
      ,a.person
      ,a.name
      ,a.u8kemubm
      ,a.cdlx
      ,cast(concat('2019-',a.budgetperiodslist,'-01') as date) as budgetperiodslist
      ,a.budgetaccount
      ,a.createdate
      ,a.approverid
      ,a.createrid
      ,a.budgetremark
      ,a.fnaincrement
      ,a.remark
  from edw.oa_budget_19 a
 where a.cdepname_lv1 is null
;
SQL结束执行时间：20190813002014

20190814002016开始执行2019-08-13数据加载日志:
SQL开始执行时间：20190814002016

drop table if exists pdm.oa_budget_19
;
SQL结束执行时间：20190814002016
SQL开始执行时间：20190814002016
create table pdm.oa_budget_19 as
select a.budgetinfoid
      ,a.name_ehr_id
      ,a.name_ehr
      ,a.second_dept
      ,a.third_dept
      ,a.fourth_dept
      ,a.fifth_dept
      ,a.sixth_dept
      ,a.person
      ,a.name
      ,a.u8kemubm
      ,a.cdlx
      ,cast(concat('2019-',a.budgetperiodslist,'-01') as date) as budgetperiodslist
      ,a.budgetaccount
      ,a.createdate
      ,a.approverid
      ,a.createrid
      ,a.budgetremark
      ,a.fnaincrement
      ,a.remark
  from edw.oa_budget_19 a
 where a.cdepname_lv1 is null
;
SQL结束执行时间：20190814002016

20190815002016开始执行2019-08-14数据加载日志:
SQL开始执行时间：20190815002016

drop table if exists pdm.oa_budget_19
;
SQL结束执行时间：20190815002016
SQL开始执行时间：20190815002016
create table pdm.oa_budget_19 as
select a.budgetinfoid
      ,a.name_ehr_id
      ,a.name_ehr
      ,a.second_dept
      ,a.third_dept
      ,a.fourth_dept
      ,a.fifth_dept
      ,a.sixth_dept
      ,a.person
      ,a.name
      ,a.u8kemubm
      ,a.cdlx
      ,cast(concat('2019-',a.budgetperiodslist,'-01') as date) as budgetperiodslist
      ,a.budgetaccount
      ,a.createdate
      ,a.approverid
      ,a.createrid
      ,a.budgetremark
      ,a.fnaincrement
      ,a.remark
  from edw.oa_budget_19 a
 where a.cdepname_lv1 is null
;
SQL结束执行时间：20190815002016

20190816002013开始执行2019-08-15数据加载日志:
SQL开始执行时间：20190816002013

drop table if exists pdm.oa_budget_19
;
SQL结束执行时间：20190816002013
SQL开始执行时间：20190816002013
create table pdm.oa_budget_19 as
select a.budgetinfoid
      ,a.name_ehr_id
      ,a.name_ehr
      ,a.second_dept
      ,a.third_dept
      ,a.fourth_dept
      ,a.fifth_dept
      ,a.sixth_dept
      ,a.person
      ,a.name
      ,a.u8kemubm
      ,a.cdlx
      ,cast(concat('2019-',a.budgetperiodslist,'-01') as date) as budgetperiodslist
      ,a.budgetaccount
      ,a.createdate
      ,a.approverid
      ,a.createrid
      ,a.budgetremark
      ,a.fnaincrement
      ,a.remark
  from edw.oa_budget_19 a
 where a.cdepname_lv1 is null
;
SQL结束执行时间：20190816002014

20190817002017开始执行2019-08-16数据加载日志:
SQL开始执行时间：20190817002017

drop table if exists pdm.oa_budget_19
;
SQL结束执行时间：20190817002017
SQL开始执行时间：20190817002017
create table pdm.oa_budget_19 as
select a.budgetinfoid
      ,a.name_ehr_id
      ,a.name_ehr
      ,a.second_dept
      ,a.third_dept
      ,a.fourth_dept
      ,a.fifth_dept
      ,a.sixth_dept
      ,a.person
      ,a.name
      ,a.u8kemubm
      ,a.cdlx
      ,cast(concat('2019-',a.budgetperiodslist,'-01') as date) as budgetperiodslist
      ,a.budgetaccount
      ,a.createdate
      ,a.approverid
      ,a.createrid
      ,a.budgetremark
      ,a.fnaincrement
      ,a.remark
  from edw.oa_budget_19 a
 where a.cdepname_lv1 is null
;
SQL结束执行时间：20190817002017

20190818001945开始执行2019-08-17数据加载日志:
SQL开始执行时间：20190818001945

drop table if exists pdm.oa_budget_19
;
SQL结束执行时间：20190818001945
SQL开始执行时间：20190818001945
create table pdm.oa_budget_19 as
select a.budgetinfoid
      ,a.name_ehr_id
      ,a.name_ehr
      ,a.second_dept
      ,a.third_dept
      ,a.fourth_dept
      ,a.fifth_dept
      ,a.sixth_dept
      ,a.person
      ,a.name
      ,a.u8kemubm
      ,a.cdlx
      ,cast(concat('2019-',a.budgetperiodslist,'-01') as date) as budgetperiodslist
      ,a.budgetaccount
      ,a.createdate
      ,a.approverid
      ,a.createrid
      ,a.budgetremark
      ,a.fnaincrement
      ,a.remark
  from edw.oa_budget_19 a
 where a.cdepname_lv1 is null
;
SQL结束执行时间：20190818001945

20190819001946开始执行2019-08-18数据加载日志:
SQL开始执行时间：20190819001946

drop table if exists pdm.oa_budget_19
;
SQL结束执行时间：20190819001946
SQL开始执行时间：20190819001946
create table pdm.oa_budget_19 as
select a.budgetinfoid
      ,a.name_ehr_id
      ,a.name_ehr
      ,a.second_dept
      ,a.third_dept
      ,a.fourth_dept
      ,a.fifth_dept
      ,a.sixth_dept
      ,a.person
      ,a.name
      ,a.u8kemubm
      ,a.cdlx
      ,cast(concat('2019-',a.budgetperiodslist,'-01') as date) as budgetperiodslist
      ,a.budgetaccount
      ,a.createdate
      ,a.approverid
      ,a.createrid
      ,a.budgetremark
      ,a.fnaincrement
      ,a.remark
  from edw.oa_budget_19 a
 where a.cdepname_lv1 is null
;
SQL结束执行时间：20190819001946

20190820001951开始执行2019-08-19数据加载日志:
SQL开始执行时间：20190820001951

drop table if exists pdm.oa_budget_19
;
SQL结束执行时间：20190820001951
SQL开始执行时间：20190820001951
create table pdm.oa_budget_19 as
select a.budgetinfoid
      ,a.name_ehr_id
      ,a.name_ehr
      ,a.second_dept
      ,a.third_dept
      ,a.fourth_dept
      ,a.fifth_dept
      ,a.sixth_dept
      ,a.person
      ,a.name
      ,a.u8kemubm
      ,a.cdlx
      ,cast(concat('2019-',a.budgetperiodslist,'-01') as date) as budgetperiodslist
      ,a.budgetaccount
      ,a.createdate
      ,a.approverid
      ,a.createrid
      ,a.budgetremark
      ,a.fnaincrement
      ,a.remark
  from edw.oa_budget_19 a
 where a.cdepname_lv1 is null
;
SQL结束执行时间：20190820001951

20190821002025开始执行2019-08-20数据加载日志:
SQL开始执行时间：20190821002025

drop table if exists pdm.oa_budget_19
;
SQL结束执行时间：20190821002025
SQL开始执行时间：20190821002025
create table pdm.oa_budget_19 as
select a.budgetinfoid
      ,a.name_ehr_id
      ,a.name_ehr
      ,a.second_dept
      ,a.third_dept
      ,a.fourth_dept
      ,a.fifth_dept
      ,a.sixth_dept
      ,a.person
      ,a.name
      ,a.u8kemubm
      ,a.cdlx
      ,cast(concat('2019-',a.budgetperiodslist,'-01') as date) as budgetperiodslist
      ,a.budgetaccount
      ,a.createdate
      ,a.approverid
      ,a.createrid
      ,a.budgetremark
      ,a.fnaincrement
      ,a.remark
  from edw.oa_budget_19 a
 where a.cdepname_lv1 is null
;
SQL结束执行时间：20190821002025

20190822002007开始执行2019-08-21数据加载日志:
SQL开始执行时间：20190822002007

truncate table pdm.oa_budget_19
;
SQL结束执行时间：20190822002007
SQL开始执行时间：20190822002007
insert into pdm.oa_budget_19
select a.budgetinfoid
      ,a.name_ehr_id
      ,a.name_ehr
      ,a.second_dept
      ,a.third_dept
      ,a.fourth_dept
      ,a.fifth_dept
      ,a.sixth_dept
      ,a.person
      ,a.name
      ,a.u8kemubm
      ,a.cdlx
      ,cast(concat('2019-',a.budgetperiodslist,'-01') as date) as budgetperiodslist
      ,a.budgetaccount
      ,a.createdate
      ,a.approverid
      ,a.createrid
      ,a.budgetremark
      ,a.fnaincrement
      ,a.remark
  from edw.oa_budget_19 a
 where a.cdepname_lv1 is null
;
SQL结束执行时间：20190822002007

20190823002015开始执行2019-08-22数据加载日志:
SQL开始执行时间：20190823002015

truncate table pdm.oa_budget_19
;
SQL结束执行时间：20190823002015
SQL开始执行时间：20190823002015
insert into pdm.oa_budget_19
select a.budgetinfoid
      ,a.name_ehr_id
      ,a.name_ehr
      ,a.second_dept
      ,a.third_dept
      ,a.fourth_dept
      ,a.fifth_dept
      ,a.sixth_dept
      ,a.person
      ,a.name
      ,a.u8kemubm
      ,a.cdlx
      ,cast(concat('2019-',a.budgetperiodslist,'-01') as date) as budgetperiodslist
      ,a.budgetaccount
      ,a.createdate
      ,a.approverid
      ,a.createrid
      ,a.budgetremark
      ,a.fnaincrement
      ,a.remark
  from edw.oa_budget_19 a
 where a.cdepname_lv1 is null
;
SQL结束执行时间：20190823002015

20190824002040开始执行2019-08-23数据加载日志:
SQL开始执行时间：20190824002040

truncate table pdm.oa_budget_19
;
SQL结束执行时间：20190824002040
SQL开始执行时间：20190824002040
insert into pdm.oa_budget_19
select a.budgetinfoid
      ,a.name_ehr_id
      ,a.name_ehr
      ,a.second_dept
      ,a.third_dept
      ,a.fourth_dept
      ,a.fifth_dept
      ,a.sixth_dept
      ,a.person
      ,a.name
      ,a.u8kemubm
      ,a.cdlx
      ,cast(concat('2019-',a.budgetperiodslist,'-01') as date) as budgetperiodslist
      ,a.budgetaccount
      ,a.createdate
      ,a.approverid
      ,a.createrid
      ,a.budgetremark
      ,a.fnaincrement
      ,a.remark
  from edw.oa_budget_19 a
 where a.cdepname_lv1 is null
;
SQL结束执行时间：20190824002040

20190825002031开始执行2019-08-24数据加载日志:
SQL开始执行时间：20190825002032

truncate table pdm.oa_budget_19
;
SQL结束执行时间：20190825002032
SQL开始执行时间：20190825002032
insert into pdm.oa_budget_19
select a.budgetinfoid
      ,a.name_ehr_id
      ,a.name_ehr
      ,a.second_dept
      ,a.third_dept
      ,a.fourth_dept
      ,a.fifth_dept
      ,a.sixth_dept
      ,a.person
      ,a.name
      ,a.u8kemubm
      ,a.cdlx
      ,cast(concat('2019-',a.budgetperiodslist,'-01') as date) as budgetperiodslist
      ,a.budgetaccount
      ,a.createdate
      ,a.approverid
      ,a.createrid
      ,a.budgetremark
      ,a.fnaincrement
      ,a.remark
  from edw.oa_budget_19 a
 where a.cdepname_lv1 is null
;
SQL结束执行时间：20190825002032

20190826002027开始执行2019-08-25数据加载日志:
SQL开始执行时间：20190826002027

truncate table pdm.oa_budget_19
;
SQL结束执行时间：20190826002027
SQL开始执行时间：20190826002027
insert into pdm.oa_budget_19
select a.budgetinfoid
      ,a.name_ehr_id
      ,a.name_ehr
      ,a.second_dept
      ,a.third_dept
      ,a.fourth_dept
      ,a.fifth_dept
      ,a.sixth_dept
      ,a.person
      ,a.name
      ,a.u8kemubm
      ,a.cdlx
      ,cast(concat('2019-',a.budgetperiodslist,'-01') as date) as budgetperiodslist
      ,a.budgetaccount
      ,a.createdate
      ,a.approverid
      ,a.createrid
      ,a.budgetremark
      ,a.fnaincrement
      ,a.remark
  from edw.oa_budget_19 a
 where a.cdepname_lv1 is null
;
SQL结束执行时间：20190826002027

20190828085347开始执行2019-08-27数据加载日志:
SQL开始执行时间：20190828085347

truncate table pdm.oa_budget_19
;
SQL结束执行时间：20190828085347
SQL开始执行时间：20190828085347
insert into pdm.oa_budget_19
select a.budgetinfoid
      ,a.name_ehr_id
      ,a.name_ehr
      ,a.second_dept
      ,a.third_dept
      ,a.fourth_dept
      ,a.fifth_dept
      ,a.sixth_dept
      ,a.person
      ,a.name
      ,a.u8kemubm
      ,a.cdlx
      ,cast(concat('2019-',a.budgetperiodslist,'-01') as date) as budgetperiodslist
      ,a.budgetaccount
      ,a.createdate
      ,a.approverid
      ,a.createrid
      ,a.budgetremark
      ,a.fnaincrement
      ,a.remark
  from edw.oa_budget_19 a
 where a.cdepname_lv1 is null
;
SQL结束执行时间：20190828085348

20190829002039开始执行2019-08-28数据加载日志:
SQL开始执行时间：20190829002039

truncate table pdm.oa_budget_19
;
SQL结束执行时间：20190829002039
SQL开始执行时间：20190829002039
insert into pdm.oa_budget_19
select a.budgetinfoid
      ,a.name_ehr_id
      ,a.name_ehr
      ,a.second_dept
      ,a.third_dept
      ,a.fourth_dept
      ,a.fifth_dept
      ,a.sixth_dept
      ,a.person
      ,a.name
      ,a.u8kemubm
      ,a.cdlx
      ,cast(concat('2019-',a.budgetperiodslist,'-01') as date) as budgetperiodslist
      ,a.budgetaccount
      ,a.createdate
      ,a.approverid
      ,a.createrid
      ,a.budgetremark
      ,a.fnaincrement
      ,a.remark
  from edw.oa_budget_19 a
 where a.cdepname_lv1 is null
;
SQL结束执行时间：20190829002039

20190830002048开始执行2019-08-29数据加载日志:
SQL开始执行时间：20190830002048

truncate table pdm.oa_budget_19
;
SQL结束执行时间：20190830002048
SQL开始执行时间：20190830002048
insert into pdm.oa_budget_19
select a.budgetinfoid
      ,a.name_ehr_id
      ,a.name_ehr
      ,a.second_dept
      ,a.third_dept
      ,a.fourth_dept
      ,a.fifth_dept
      ,a.sixth_dept
      ,a.person
      ,a.name
      ,a.u8kemubm
      ,a.cdlx
      ,cast(concat('2019-',a.budgetperiodslist,'-01') as date) as budgetperiodslist
      ,a.budgetaccount
      ,a.createdate
      ,a.approverid
      ,a.createrid
      ,a.budgetremark
      ,a.fnaincrement
      ,a.remark
  from edw.oa_budget_19 a
 where a.cdepname_lv1 is null
;
SQL结束执行时间：20190830002048

20190902093206开始执行2019-09-01数据加载日志:
SQL开始执行时间：20190902093206

truncate table pdm.oa_budget_19
;
SQL结束执行时间：20190902093206
SQL开始执行时间：20190902093206
insert into pdm.oa_budget_19
select a.budgetinfoid
      ,a.name_ehr_id
      ,a.name_ehr
      ,a.second_dept
      ,a.third_dept
      ,a.fourth_dept
      ,a.fifth_dept
      ,a.sixth_dept
      ,a.person
      ,a.name
      ,a.u8kemubm
      ,a.cdlx
      ,cast(concat('2019-',a.budgetperiodslist,'-01') as date) as budgetperiodslist
      ,a.budgetaccount
      ,a.createdate
      ,a.approverid
      ,a.createrid
      ,a.budgetremark
      ,a.fnaincrement
      ,a.remark
  from edw.oa_budget_19 a
 where a.cdepname_lv1 is null
;
SQL结束执行时间：20190902093206

20190902094709开始执行2019-09-01数据加载日志:
SQL开始执行时间：20190902094709

truncate table pdm.oa_budget_19
;
SQL结束执行时间：20190902094709
SQL开始执行时间：20190902094709
insert into pdm.oa_budget_19
select a.budgetinfoid
      ,a.name_ehr_id
      ,a.name_ehr
      ,a.second_dept
      ,a.third_dept
      ,a.fourth_dept
      ,a.fifth_dept
      ,a.sixth_dept
      ,a.person
      ,a.name
      ,a.u8kemubm
      ,a.cdlx
      ,cast(concat('2019-',a.budgetperiodslist,'-01') as date) as budgetperiodslist
      ,a.budgetaccount
      ,a.createdate
      ,a.approverid
      ,a.createrid
      ,a.budgetremark
      ,a.fnaincrement
      ,a.remark
  from edw.oa_budget_19 a
 where a.cdepname_lv1 is null
;
SQL结束执行时间：20190902094710

20190903002034开始执行2019-09-02数据加载日志:
SQL开始执行时间：20190903002034

truncate table pdm.oa_budget_19
;
SQL结束执行时间：20190903002034
SQL开始执行时间：20190903002034
insert into pdm.oa_budget_19
select a.budgetinfoid
      ,a.name_ehr_id
      ,a.name_ehr
      ,a.second_dept
      ,a.third_dept
      ,a.fourth_dept
      ,a.fifth_dept
      ,a.sixth_dept
      ,a.person
      ,a.name
      ,a.u8kemubm
      ,a.cdlx
      ,cast(concat('2019-',a.budgetperiodslist,'-01') as date) as budgetperiodslist
      ,a.budgetaccount
      ,a.createdate
      ,a.approverid
      ,a.createrid
      ,a.budgetremark
      ,a.fnaincrement
      ,a.remark
  from edw.oa_budget_19 a
 where a.cdepname_lv1 is null
;
SQL结束执行时间：20190903002034

20190904105844开始执行2019-09-03数据加载日志:
SQL开始执行时间：20190904105844

truncate table pdm.oa_budget_19
;
SQL结束执行时间：20190904105844
SQL开始执行时间：20190904105844
insert into pdm.oa_budget_19
select a.budgetinfoid
      ,a.name_ehr_id
      ,a.name_ehr
      ,a.second_dept
      ,a.third_dept
      ,a.fourth_dept
      ,a.fifth_dept
      ,a.sixth_dept
      ,a.person
      ,a.name
      ,a.u8kemubm
      ,a.cdlx
      ,cast(concat('2019-',a.budgetperiodslist,'-01') as date) as budgetperiodslist
      ,a.budgetaccount
      ,a.createdate
      ,a.approverid
      ,a.createrid
      ,a.budgetremark
      ,a.fnaincrement
      ,a.remark
  from edw.oa_budget_19 a
 where a.cdepname_lv1 is null
;
SQL结束执行时间：20190904105844

20190905002036开始执行2019-09-04数据加载日志:
SQL开始执行时间：20190905002036

truncate table pdm.oa_budget_19
;
SQL结束执行时间：20190905002036
SQL开始执行时间：20190905002036
insert into pdm.oa_budget_19
select a.budgetinfoid
      ,a.name_ehr_id
      ,a.name_ehr
      ,a.second_dept
      ,a.third_dept
      ,a.fourth_dept
      ,a.fifth_dept
      ,a.sixth_dept
      ,a.person
      ,a.name
      ,a.u8kemubm
      ,a.cdlx
      ,cast(concat('2019-',a.budgetperiodslist,'-01') as date) as budgetperiodslist
      ,a.budgetaccount
      ,a.createdate
      ,a.approverid
      ,a.createrid
      ,a.budgetremark
      ,a.fnaincrement
      ,a.remark
  from edw.oa_budget_19 a
 where a.cdepname_lv1 is null
;
SQL结束执行时间：20190905002036

20190906002037开始执行2019-09-05数据加载日志:
SQL开始执行时间：20190906002037

truncate table pdm.oa_budget_19
;
SQL结束执行时间：20190906002037
SQL开始执行时间：20190906002037
insert into pdm.oa_budget_19
select a.budgetinfoid
      ,a.name_ehr_id
      ,a.name_ehr
      ,a.second_dept
      ,a.third_dept
      ,a.fourth_dept
      ,a.fifth_dept
      ,a.sixth_dept
      ,a.person
      ,a.name
      ,a.u8kemubm
      ,a.cdlx
      ,cast(concat('2019-',a.budgetperiodslist,'-01') as date) as budgetperiodslist
      ,a.budgetaccount
      ,a.createdate
      ,a.approverid
      ,a.createrid
      ,a.budgetremark
      ,a.fnaincrement
      ,a.remark
  from edw.oa_budget_19 a
 where a.cdepname_lv1 is null
;
SQL结束执行时间：20190906002038

20190907002100开始执行2019-09-06数据加载日志:
SQL开始执行时间：20190907002100

truncate table pdm.oa_budget_19
;
SQL结束执行时间：20190907002100
SQL开始执行时间：20190907002100
insert into pdm.oa_budget_19
select a.budgetinfoid
      ,a.name_ehr_id
      ,a.name_ehr
      ,a.second_dept
      ,a.third_dept
      ,a.fourth_dept
      ,a.fifth_dept
      ,a.sixth_dept
      ,a.person
      ,a.name
      ,a.u8kemubm
      ,a.cdlx
      ,cast(concat('2019-',a.budgetperiodslist,'-01') as date) as budgetperiodslist
      ,a.budgetaccount
      ,a.createdate
      ,a.approverid
      ,a.createrid
      ,a.budgetremark
      ,a.fnaincrement
      ,a.remark
  from edw.oa_budget_19 a
 where a.cdepname_lv1 is null
;
SQL结束执行时间：20190907002100

20190908002056开始执行2019-09-07数据加载日志:
SQL开始执行时间：20190908002056

truncate table pdm.oa_budget_19
;
SQL结束执行时间：20190908002056
SQL开始执行时间：20190908002056
insert into pdm.oa_budget_19
select a.budgetinfoid
      ,a.name_ehr_id
      ,a.name_ehr
      ,a.second_dept
      ,a.third_dept
      ,a.fourth_dept
      ,a.fifth_dept
      ,a.sixth_dept
      ,a.person
      ,a.name
      ,a.u8kemubm
      ,a.cdlx
      ,cast(concat('2019-',a.budgetperiodslist,'-01') as date) as budgetperiodslist
      ,a.budgetaccount
      ,a.createdate
      ,a.approverid
      ,a.createrid
      ,a.budgetremark
      ,a.fnaincrement
      ,a.remark
  from edw.oa_budget_19 a
 where a.cdepname_lv1 is null
;
SQL结束执行时间：20190908002056

20190909002048开始执行2019-09-08数据加载日志:
SQL开始执行时间：20190909002048

truncate table pdm.oa_budget_19
;
SQL结束执行时间：20190909002048
SQL开始执行时间：20190909002048
insert into pdm.oa_budget_19
select a.budgetinfoid
      ,a.name_ehr_id
      ,a.name_ehr
      ,a.second_dept
      ,a.third_dept
      ,a.fourth_dept
      ,a.fifth_dept
      ,a.sixth_dept
      ,a.person
      ,a.name
      ,a.u8kemubm
      ,a.cdlx
      ,cast(concat('2019-',a.budgetperiodslist,'-01') as date) as budgetperiodslist
      ,a.budgetaccount
      ,a.createdate
      ,a.approverid
      ,a.createrid
      ,a.budgetremark
      ,a.fnaincrement
      ,a.remark
  from edw.oa_budget_19 a
 where a.cdepname_lv1 is null
;
SQL结束执行时间：20190909002049

20190910002039开始执行2019-09-09数据加载日志:
SQL开始执行时间：20190910002039

truncate table pdm.oa_budget_19
;
SQL结束执行时间：20190910002039
SQL开始执行时间：20190910002039
insert into pdm.oa_budget_19
select a.budgetinfoid
      ,a.name_ehr_id
      ,a.name_ehr
      ,a.second_dept
      ,a.third_dept
      ,a.fourth_dept
      ,a.fifth_dept
      ,a.sixth_dept
      ,a.person
      ,a.name
      ,a.u8kemubm
      ,a.cdlx
      ,cast(concat('2019-',a.budgetperiodslist,'-01') as date) as budgetperiodslist
      ,a.budgetaccount
      ,a.createdate
      ,a.approverid
      ,a.createrid
      ,a.budgetremark
      ,a.fnaincrement
      ,a.remark
  from edw.oa_budget_19 a
 where a.cdepname_lv1 is null
;
SQL结束执行时间：20190910002039

20190911002104开始执行2019-09-10数据加载日志:
SQL开始执行时间：20190911002104

truncate table pdm.oa_budget_19
;
SQL结束执行时间：20190911002104
SQL开始执行时间：20190911002104
insert into pdm.oa_budget_19
select a.budgetinfoid
      ,a.name_ehr_id
      ,a.name_ehr
      ,a.second_dept
      ,a.third_dept
      ,a.fourth_dept
      ,a.fifth_dept
      ,a.sixth_dept
      ,a.person
      ,a.name
      ,a.u8kemubm
      ,a.cdlx
      ,cast(concat('2019-',a.budgetperiodslist,'-01') as date) as budgetperiodslist
      ,a.budgetaccount
      ,a.createdate
      ,a.approverid
      ,a.createrid
      ,a.budgetremark
      ,a.fnaincrement
      ,a.remark
  from edw.oa_budget_19 a
 where a.cdepname_lv1 is null
;
SQL结束执行时间：20190911002104

20190912002119开始执行2019-09-11数据加载日志:
SQL开始执行时间：20190912002119

truncate table pdm.oa_budget_19
;
SQL结束执行时间：20190912002119
SQL开始执行时间：20190912002119
insert into pdm.oa_budget_19
select a.budgetinfoid
      ,a.name_ehr_id
      ,a.name_ehr
      ,a.second_dept
      ,a.third_dept
      ,a.fourth_dept
      ,a.fifth_dept
      ,a.sixth_dept
      ,a.person
      ,a.name
      ,a.u8kemubm
      ,a.cdlx
      ,cast(concat('2019-',a.budgetperiodslist,'-01') as date) as budgetperiodslist
      ,a.budgetaccount
      ,a.createdate
      ,a.approverid
      ,a.createrid
      ,a.budgetremark
      ,a.fnaincrement
      ,a.remark
  from edw.oa_budget_19 a
 where a.cdepname_lv1 is null
;
SQL结束执行时间：20190912002119

20190913002132开始执行2019-09-12数据加载日志:
SQL开始执行时间：20190913002132

truncate table pdm.oa_budget_19
;
SQL结束执行时间：20190913002132
SQL开始执行时间：20190913002132
insert into pdm.oa_budget_19
select a.budgetinfoid
      ,a.name_ehr_id
      ,a.name_ehr
      ,a.second_dept
      ,a.third_dept
      ,a.fourth_dept
      ,a.fifth_dept
      ,a.sixth_dept
      ,a.person
      ,a.name
      ,a.u8kemubm
      ,a.cdlx
      ,cast(concat('2019-',a.budgetperiodslist,'-01') as date) as budgetperiodslist
      ,a.budgetaccount
      ,a.createdate
      ,a.approverid
      ,a.createrid
      ,a.budgetremark
      ,a.fnaincrement
      ,a.remark
  from edw.oa_budget_19 a
 where a.cdepname_lv1 is null
;
SQL结束执行时间：20190913002132

20190914002217开始执行2019-09-13数据加载日志:
SQL开始执行时间：20190914002217

truncate table pdm.oa_budget_19
;
SQL结束执行时间：20190914002217
SQL开始执行时间：20190914002217
insert into pdm.oa_budget_19
select a.budgetinfoid
      ,a.name_ehr_id
      ,a.name_ehr
      ,a.second_dept
      ,a.third_dept
      ,a.fourth_dept
      ,a.fifth_dept
      ,a.sixth_dept
      ,a.person
      ,a.name
      ,a.u8kemubm
      ,a.cdlx
      ,cast(concat('2019-',a.budgetperiodslist,'-01') as date) as budgetperiodslist
      ,a.budgetaccount
      ,a.createdate
      ,a.approverid
      ,a.createrid
      ,a.budgetremark
      ,a.fnaincrement
      ,a.remark
  from edw.oa_budget_19 a
 where a.cdepname_lv1 is null
;
SQL结束执行时间：20190914002217

20190915002113开始执行2019-09-14数据加载日志:
SQL开始执行时间：20190915002113

truncate table pdm.oa_budget_19
;
SQL结束执行时间：20190915002113
SQL开始执行时间：20190915002113
insert into pdm.oa_budget_19
select a.budgetinfoid
      ,a.name_ehr_id
      ,a.name_ehr
      ,a.second_dept
      ,a.third_dept
      ,a.fourth_dept
      ,a.fifth_dept
      ,a.sixth_dept
      ,a.person
      ,a.name
      ,a.u8kemubm
      ,a.cdlx
      ,cast(concat('2019-',a.budgetperiodslist,'-01') as date) as budgetperiodslist
      ,a.budgetaccount
      ,a.createdate
      ,a.approverid
      ,a.createrid
      ,a.budgetremark
      ,a.fnaincrement
      ,a.remark
  from edw.oa_budget_19 a
 where a.cdepname_lv1 is null
;
SQL结束执行时间：20190915002113

20190916002120开始执行2019-09-15数据加载日志:
SQL开始执行时间：20190916002120

truncate table pdm.oa_budget_19
;
SQL结束执行时间：20190916002120
SQL开始执行时间：20190916002120
insert into pdm.oa_budget_19
select a.budgetinfoid
      ,a.name_ehr_id
      ,a.name_ehr
      ,a.second_dept
      ,a.third_dept
      ,a.fourth_dept
      ,a.fifth_dept
      ,a.sixth_dept
      ,a.person
      ,a.name
      ,a.u8kemubm
      ,a.cdlx
      ,cast(concat('2019-',a.budgetperiodslist,'-01') as date) as budgetperiodslist
      ,a.budgetaccount
      ,a.createdate
      ,a.approverid
      ,a.createrid
      ,a.budgetremark
      ,a.fnaincrement
      ,a.remark
  from edw.oa_budget_19 a
 where a.cdepname_lv1 is null
;
SQL结束执行时间：20190916002120

20190917002143开始执行2019-09-16数据加载日志:
SQL开始执行时间：20190917002143

truncate table pdm.oa_budget_19
;
SQL结束执行时间：20190917002143
SQL开始执行时间：20190917002143
insert into pdm.oa_budget_19
select a.budgetinfoid
      ,a.name_ehr_id
      ,a.name_ehr
      ,a.second_dept
      ,a.third_dept
      ,a.fourth_dept
      ,a.fifth_dept
      ,a.sixth_dept
      ,a.person
      ,a.name
      ,a.u8kemubm
      ,a.cdlx
      ,cast(concat('2019-',a.budgetperiodslist,'-01') as date) as budgetperiodslist
      ,a.budgetaccount
      ,a.createdate
      ,a.approverid
      ,a.createrid
      ,a.budgetremark
      ,a.fnaincrement
      ,a.remark
  from edw.oa_budget_19 a
 where a.cdepname_lv1 is null
;
SQL结束执行时间：20190917002143

20190918002152开始执行2019-09-17数据加载日志:
SQL开始执行时间：20190918002152

truncate table pdm.oa_budget_19
;
SQL结束执行时间：20190918002152
SQL开始执行时间：20190918002152
insert into pdm.oa_budget_19
select a.budgetinfoid
      ,a.name_ehr_id
      ,a.name_ehr
      ,a.second_dept
      ,a.third_dept
      ,a.fourth_dept
      ,a.fifth_dept
      ,a.sixth_dept
      ,a.person
      ,a.name
      ,a.u8kemubm
      ,a.cdlx
      ,cast(concat('2019-',a.budgetperiodslist,'-01') as date) as budgetperiodslist
      ,a.budgetaccount
      ,a.createdate
      ,a.approverid
      ,a.createrid
      ,a.budgetremark
      ,a.fnaincrement
      ,a.remark
  from edw.oa_budget_19 a
 where a.cdepname_lv1 is null
;
SQL结束执行时间：20190918002152

20190919002143开始执行2019-09-18数据加载日志:
SQL开始执行时间：20190919002143

truncate table pdm.oa_budget_19
;
SQL结束执行时间：20190919002143
SQL开始执行时间：20190919002143
insert into pdm.oa_budget_19
select a.budgetinfoid
      ,a.name_ehr_id
      ,a.name_ehr
      ,a.second_dept
      ,a.third_dept
      ,a.fourth_dept
      ,a.fifth_dept
      ,a.sixth_dept
      ,a.person
      ,a.name
      ,a.u8kemubm
      ,a.cdlx
      ,cast(concat('2019-',a.budgetperiodslist,'-01') as date) as budgetperiodslist
      ,a.budgetaccount
      ,a.createdate
      ,a.approverid
      ,a.createrid
      ,a.budgetremark
      ,a.fnaincrement
      ,a.remark
  from edw.oa_budget_19 a
 where a.cdepname_lv1 is null
;
SQL结束执行时间：20190919002143

20190920002200开始执行2019-09-19数据加载日志:
SQL开始执行时间：20190920002200

truncate table pdm.oa_budget_19
;
SQL结束执行时间：20190920002200
SQL开始执行时间：20190920002200
insert into pdm.oa_budget_19
select a.budgetinfoid
      ,a.name_ehr_id
      ,a.name_ehr
      ,a.second_dept
      ,a.third_dept
      ,a.fourth_dept
      ,a.fifth_dept
      ,a.sixth_dept
      ,a.person
      ,a.name
      ,a.u8kemubm
      ,a.cdlx
      ,cast(concat('2019-',a.budgetperiodslist,'-01') as date) as budgetperiodslist
      ,a.budgetaccount
      ,a.createdate
      ,a.approverid
      ,a.createrid
      ,a.budgetremark
      ,a.fnaincrement
      ,a.remark
  from edw.oa_budget_19 a
 where a.cdepname_lv1 is null
;
SQL结束执行时间：20190920002200

20190921002152开始执行2019-09-20数据加载日志:
SQL开始执行时间：20190921002152

truncate table pdm.oa_budget_19
;
SQL结束执行时间：20190921002152
SQL开始执行时间：20190921002152
insert into pdm.oa_budget_19
select a.budgetinfoid
      ,a.name_ehr_id
      ,a.name_ehr
      ,a.second_dept
      ,a.third_dept
      ,a.fourth_dept
      ,a.fifth_dept
      ,a.sixth_dept
      ,a.person
      ,a.name
      ,a.u8kemubm
      ,a.cdlx
      ,cast(concat('2019-',a.budgetperiodslist,'-01') as date) as budgetperiodslist
      ,a.budgetaccount
      ,a.createdate
      ,a.approverid
      ,a.createrid
      ,a.budgetremark
      ,a.fnaincrement
      ,a.remark
  from edw.oa_budget_19 a
 where a.cdepname_lv1 is null
;
SQL结束执行时间：20190921002152

20190922002157开始执行2019-09-21数据加载日志:
SQL开始执行时间：20190922002157

truncate table pdm.oa_budget_19
;
SQL结束执行时间：20190922002157
SQL开始执行时间：20190922002157
insert into pdm.oa_budget_19
select a.budgetinfoid
      ,a.name_ehr_id
      ,a.name_ehr
      ,a.second_dept
      ,a.third_dept
      ,a.fourth_dept
      ,a.fifth_dept
      ,a.sixth_dept
      ,a.person
      ,a.name
      ,a.u8kemubm
      ,a.cdlx
      ,cast(concat('2019-',a.budgetperiodslist,'-01') as date) as budgetperiodslist
      ,a.budgetaccount
      ,a.createdate
      ,a.approverid
      ,a.createrid
      ,a.budgetremark
      ,a.fnaincrement
      ,a.remark
  from edw.oa_budget_19 a
 where a.cdepname_lv1 is null
;
SQL结束执行时间：20190922002157

20190923002240开始执行2019-09-22数据加载日志:
SQL开始执行时间：20190923002240

truncate table pdm.oa_budget_19
;
SQL结束执行时间：20190923002240
SQL开始执行时间：20190923002240
insert into pdm.oa_budget_19
select a.budgetinfoid
      ,a.name_ehr_id
      ,a.name_ehr
      ,a.second_dept
      ,a.third_dept
      ,a.fourth_dept
      ,a.fifth_dept
      ,a.sixth_dept
      ,a.person
      ,a.name
      ,a.u8kemubm
      ,a.cdlx
      ,cast(concat('2019-',a.budgetperiodslist,'-01') as date) as budgetperiodslist
      ,a.budgetaccount
      ,a.createdate
      ,a.approverid
      ,a.createrid
      ,a.budgetremark
      ,a.fnaincrement
      ,a.remark
  from edw.oa_budget_19 a
 where a.cdepname_lv1 is null
;
SQL结束执行时间：20190923002241

20190924002237开始执行2019-09-23数据加载日志:
SQL开始执行时间：20190924002237

truncate table pdm.oa_budget_19
;
SQL结束执行时间：20190924002237
SQL开始执行时间：20190924002237
insert into pdm.oa_budget_19
select a.budgetinfoid
      ,a.name_ehr_id
      ,a.name_ehr
      ,a.second_dept
      ,a.third_dept
      ,a.fourth_dept
      ,a.fifth_dept
      ,a.sixth_dept
      ,a.person
      ,a.name
      ,a.u8kemubm
      ,a.cdlx
      ,cast(concat('2019-',a.budgetperiodslist,'-01') as date) as budgetperiodslist
      ,a.budgetaccount
      ,a.createdate
      ,a.approverid
      ,a.createrid
      ,a.budgetremark
      ,a.fnaincrement
      ,a.remark
  from edw.oa_budget_19 a
 where a.cdepname_lv1 is null
;
SQL结束执行时间：20190924002238

20190925090900开始执行2019-09-24数据加载日志:
SQL开始执行时间：20190925090900

truncate table pdm.oa_budget_19
;
SQL结束执行时间：20190925090900
SQL开始执行时间：20190925090900
insert into pdm.oa_budget_19
select a.budgetinfoid
      ,a.name_ehr_id
      ,a.name_ehr
      ,a.second_dept
      ,a.third_dept
      ,a.fourth_dept
      ,a.fifth_dept
      ,a.sixth_dept
      ,a.person
      ,a.name
      ,a.u8kemubm
      ,a.cdlx
      ,cast(concat('2019-',a.budgetperiodslist,'-01') as date) as budgetperiodslist
      ,a.budgetaccount
      ,a.createdate
      ,a.approverid
      ,a.createrid
      ,a.budgetremark
      ,a.fnaincrement
      ,a.remark
  from edw.oa_budget_19 a
 where a.cdepname_lv1 is null
;
SQL结束执行时间：20190925090900
